51:36,0843 DEBUG MyProblem <processingWord>:54 - Processed word: |Theophilus|=>|Theophilus|
51:36,0844 DEBUG MyProblem <processingWord>:54 - Processed word: |Thistle|=>|Thistle|
51:36,0844 DEBUG MyProblem <processingWord>:54 - Processed word: |the|=>|the|
51:36,0844 DEBUG MyProblem <processingWord>:54 - Processed word: |successful|=>|succeful|
51:36,0845 DEBUG MyProblem <processingWord>:54 - Processed word: |thistle-sifter|=>|thisle-sifer|
51:36,0845 DEBUG MyProblem <processingWord>:54 - Processed word: |Sifted|=>|Sifted|
51:36,0845 DEBUG MyProblem <processingWord>:54 - Processed word: |sixty|=>|sixty|
51:36,0846 DEBUG MyProblem <processingWord>:54 - Processed word: |thistles|=>|thiles|
51:36,0846 DEBUG MyProblem <processingWord>:54 - Processed word: |through|=>|trough|
51:36,0846 DEBUG MyProblem <processingWord>:54 - Processed word: |the|=>|the|
51:36,0848 DEBUG MyProblem <processingWord>:54 - Processed word: |thick|=>|thick|
51:36,0848 DEBUG MyProblem <processingWord>:54 - Processed word: |of|=>|of|
51:36,0849 DEBUG MyProblem <processingWord>:54 - Processed word: |his|=>|his|
51:36,0849 DEBUG MyProblem <processingWord>:54 - Processed word: |thumb|=>|thumb|
51:36,0849 DEBUG MyProblem <processingWord>:54 - Processed word: |Thick|=>|Thick|
51:36,0849 DEBUG MyProblem <processingWord>:54 - Processed word: |thistle|=>|thisle|
51:36,0850 DEBUG MyProblem <processingWord>:54 - Processed word: |sticks|=>|sticks|
51:36,0850 DEBUG MyProblem <processingWord>:54 - Processed word: |Six|=>|Six|
51:36,0850 DEBUG MyProblem <processingWord>:54 - Processed word: |thick|=>|thick|
51:36,0850 DEBUG MyProblem <processingWord>:54 - Processed word: |thistles|=>|thiles|
51:36,0851 DEBUG MyProblem <processingWord>:54 - Processed word: |stuck|=>|stuck|
51:36,0851 DEBUG MyProblem <processingWord>:54 - Processed word: |together|=>|togeher|
51:36,0851 DEBUG MyProblem <processingWord>:54 - Processed word: |Маленький|=>|Маленький|
51:36,0851 DEBUG MyProblem <processingWord>:54 - Processed word: |цифровой|=>|цифровой|
51:36,0852 DEBUG MyProblem <processingWord>:54 - Processed word: |ревербератор|=>|ревебеатор|
51:36,0852 DEBUG MyProblem <processingWord>:54 - Processed word: |с|=>|с|
51:36,0852 DEBUG MyProblem <processingWord>:54 - Processed word: |регулятором|=>|регулятоом|
51:36,0852 DEBUG MyProblem <processingWord>:54 - Processed word: |уровня|=>|уровня|
51:36,0853 DEBUG MyProblem <processingWord>:54 - Processed word: |волюми|=>|волюми|
51:36,0853 DEBUG MyProblem <processingWord>:54 - Processed word: |Реверберировал|=>|Реверберировал|
51:36,0853 DEBUG MyProblem <processingWord>:54 - Processed word: |реверберировал|=>|ревебеиовал|
51:36,0853 DEBUG MyProblem <processingWord>:54 - Processed word: |да|=>|да|
51:36,0854 DEBUG MyProblem <processingWord>:54 - Processed word: |не|=>|не|
51:36,0854 DEBUG MyProblem <processingWord>:54 - Processed word: |выреверберировал|=>|выреерберироал|
51:36,0854 DEBUG MyProblem <processingWord>:54 - Processed word: |Собственные|=>|Собствнные|
51:36,0854 DEBUG MyProblem <processingWord>:54 - Processed word: |исключения|=>|исключеня|
51:36,0855 DEBUG MyProblem <processingWord>:54 - Processed word: |Разработчик|=>|Разработчик|
51:36,0855 DEBUG MyProblem <processingWord>:54 - Processed word: |может|=>|может|
51:36,0855 DEBUG MyProblem <processingWord>:54 - Processed word: |создать|=>|создать|
51:36,0856 DEBUG MyProblem <processingWord>:54 - Processed word: |собственное|=>|собтвнное|
51:36,0856 DEBUG MyProblem <processingWord>:54 - Processed word: |исключение|=>|исключне|
51:36,0856 DEBUG MyProblem <processingWord>:54 - Processed word: |как|=>|как|
51:36,0856 DEBUG MyProblem <processingWord>:54 - Processed word: |подкласс|=>|подклас|
51:36,0857 DEBUG MyProblem <processingWord>:54 - Processed word: |класса|=>|клсса|
51:36,0857 DEBUG MyProblem <processingWord>:54 - Processed word: |Exception|=>|Exception|
51:36,0857 DEBUG MyProblem <processingWord>:54 - Processed word: |и|=>|и|
51:36,0857 DEBUG MyProblem <processingWord>:54 - Processed word: |затем|=>|затем|
51:36,0858 DEBUG MyProblem <processingWord>:54 - Processed word: |использовать|=>|исползовать|
51:36,0858 DEBUG MyProblem <processingWord>:54 - Processed word: |его|=>|его|
51:36,0858 DEBUG MyProblem <processingWord>:54 - Processed word: |при|=>|при|
51:36,0858 DEBUG MyProblem <processingWord>:54 - Processed word: |обработке|=>|обрабтке|
51:36,0859 DEBUG MyProblem <processingWord>:54 - Processed word: |ситуаций|=>|ситуаций|
51:36,0859 DEBUG MyProblem <processingWord>:54 - Processed word: |не|=>|не|
51:36,0859 DEBUG MyProblem <processingWord>:54 - Processed word: |являющихся|=>|явлющихся|
51:36,0859 DEBUG MyProblem <processingWord>:54 - Processed word: |исключениями|=>|исключенями|
51:36,0860 DEBUG MyProblem <processingWord>:54 - Processed word: |с|=>|с|
51:36,0860 DEBUG MyProblem <processingWord>:54 - Processed word: |точки|=>|точки|
51:36,0860 DEBUG MyProblem <processingWord>:54 - Processed word: |зрения|=>|зрения|
51:36,0860 DEBUG MyProblem <processingWord>:54 - Processed word: |языка|=>|языка|
51:36,0860 DEBUG MyProblem <processingWord>:54 - Processed word: |но|=>|но|
51:36,0861 DEBUG MyProblem <processingWord>:54 - Processed word: |нарушающих|=>|нарушающих|
51:36,0861 DEBUG MyProblem <processingWord>:54 - Processed word: |логику|=>|логику|
51:36,0861 DEBUG MyProblem <processingWord>:54 - Processed word: |вещей|=>|вещей|
51:36,0861 DEBUG MyProblem <processingWord>:54 - Processed word: |Например|=>|Напимер|
51:36,0862 DEBUG MyProblem <processingWord>:54 - Processed word: |появление|=>|появлние|
51:36,0862 DEBUG MyProblem <processingWord>:54 - Processed word: |объектов|=>|объектв|
51:36,0862 DEBUG MyProblem <processingWord>:54 - Processed word: |типа|=>|типа|
51:36,0863 DEBUG MyProblem <processingWord>:54 - Processed word: |Human|=>|Human|
51:36,0863 DEBUG MyProblem <processingWord>:54 - Processed word: |Человек|=>|Человек|
51:36,0863 DEBUG MyProblem <processingWord>:54 - Processed word: |с|=>|с|
51:36,0863 DEBUG MyProblem <processingWord>:54 - Processed word: |отрицательным|=>|отрицательным|
51:36,0864 DEBUG MyProblem <processingWord>:54 - Processed word: |значением|=>|значением|
51:36,0864 DEBUG MyProblem <processingWord>:54 - Processed word: |поля|=>|поля|
51:36,0864 DEBUG MyProblem <processingWord>:54 - Processed word: |age|=>|age|
51:36,0864 DEBUG MyProblem <processingWord>:54 - Processed word: |возраст|=>|возраст|
51:36,0864 DEBUG MyProblem <processingWord>:54 - Processed word: |пример|=>|пимер|
51:36,0865 DEBUG MyProblem <processingWord>:54 - Processed word: |5|=>|5|
51:36,0865 DEBUG MyProblem <processingWord>:54 - Processed word: |метод|=>|метод|
51:36,0865 DEBUG MyProblem <processingWord>:54 - Processed word: |вызывающий|=>|вызыающий|
51:36,0865 DEBUG MyProblem <processingWord>:54 - Processed word: |исключение|=>|исключне|
51:36,0866 DEBUG MyProblem <processingWord>:54 - Processed word: |созданное|=>|созданное|
51:36,0866 DEBUG MyProblem <processingWord>:54 - Processed word: |программистом|=>|програистом|
51:36,0866 DEBUG MyProblem <processingWord>:54 - Processed word: |RunnerLogic|=>|RunnerLogic|
51:36,0866 DEBUG MyProblem <processingWord>:54 - Processed word: |java|=>|jva|
51:36,0867 DEBUG MyProblem <processingWord>:54 - Processed word: |package|=>|package|
51:36,0867 DEBUG MyProblem <processingWord>:54 - Processed word: |chapt08|=>|chapt08|
51:36,0867 DEBUG MyProblem <processingWord>:54 - Processed word: |public|=>|public|
51:36,0867 DEBUG MyProblem <processingWord>:54 - Processed word: |class|=>|clas|
51:36,0868 DEBUG MyProblem <processingWord>:54 - Processed word: |RunnerLogic|=>|RunnerLogic|
51:36,0868 DEBUG MyProblem <processingWord>:54 - Processed word: |public|=>|public|
51:36,0868 DEBUG MyProblem <processingWord>:54 - Processed word: |static|=>|static|
51:36,0868 DEBUG MyProblem <processingWord>:54 - Processed word: |double|=>|double|
51:36,0869 DEBUG MyProblem <processingWord>:54 - Processed word: |salary|=>|salary|
51:36,0869 DEBUG MyProblem <processingWord>:54 - Processed word: |int|=>|int|
51:36,0869 DEBUG MyProblem <processingWord>:54 - Processed word: |coeff|=>|coef|
51:36,0869 DEBUG MyProblem <processingWord>:54 - Processed word: |throws|=>|throws|
51:36,0870 DEBUG MyProblem <processingWord>:54 - Processed word: |SalaryException|=>|SalaryException|
51:36,0870 DEBUG MyProblem <processingWord>:54 - Processed word: |double|=>|double|
51:36,0870 DEBUG MyProblem <processingWord>:54 - Processed word: |d|=>|d|
51:36,0871 DEBUG MyProblem <processingWord>:54 - Processed word: |try|=>|try|
51:36,0871 DEBUG MyProblem <processingWord>:54 - Processed word: |if|=>|if|
51:36,0871 DEBUG MyProblem <processingWord>:54 - Processed word: |d|=>|d|
51:36,0871 DEBUG MyProblem <processingWord>:54 - Processed word: |1|=>|1|
51:36,0871 DEBUG MyProblem <processingWord>:54 - Processed word: |0|=>|0|
51:36,0872 DEBUG MyProblem <processingWord>:54 - Processed word: |1|=>|1|
51:36,0872 DEBUG MyProblem <processingWord>:54 - Processed word: |0|=>|0|
51:36,0872 DEBUG MyProblem <processingWord>:54 - Processed word: |0|=>|0|
51:36,0872 DEBUG MyProblem <processingWord>:54 - Processed word: |coeff|=>|coef|
51:36,0872 DEBUG MyProblem <processingWord>:54 - Processed word: ||=>||
51:36,0873 DEBUG MyProblem <processingWord>:54 - Processed word: |0|=>|0|
51:36,0873 DEBUG MyProblem <processingWord>:54 - Processed word: |throw|=>|throw|
51:36,0873 DEBUG MyProblem <processingWord>:54 - Processed word: |new|=>|new|
51:36,0873 DEBUG MyProblem <processingWord>:54 - Processed word: |SalaryException|=>|SalaryException|
51:36,0874 DEBUG MyProblem <processingWord>:54 - Processed word: |negative|=>|ngative|
51:36,0874 DEBUG MyProblem <processingWord>:54 - Processed word: |salary|=>|salary|
51:36,0874 DEBUG MyProblem <processingWord>:54 - Processed word: |else|=>|else|
51:36,0874 DEBUG MyProblem <processingWord>:54 - Processed word: |return|=>|retun|
51:36,0874 DEBUG MyProblem <processingWord>:54 - Processed word: |d|=>|d|
51:36,0875 DEBUG MyProblem <processingWord>:54 - Processed word: |catch|=>|cath|
51:36,0875 DEBUG MyProblem <processingWord>:54 - Processed word: |ArithmeticException|=>|ArithmeticException|
51:36,0875 DEBUG MyProblem <processingWord>:54 - Processed word: |e|=>|e|
51:36,0875 DEBUG MyProblem <processingWord>:54 - Processed word: |throw|=>|throw|
51:36,0875 DEBUG MyProblem <processingWord>:54 - Processed word: |new|=>|new|
51:36,0875 DEBUG MyProblem <processingWord>:54 - Processed word: |SalaryException|=>|SalaryException|
51:36,0875 DEBUG MyProblem <processingWord>:54 - Processed word: |div|=>|div|
51:36,0875 DEBUG MyProblem <processingWord>:54 - Processed word: |by|=>|by|
51:36,0875 DEBUG MyProblem <processingWord>:54 - Processed word: |zero|=>|zero|
51:36,0876 DEBUG MyProblem <processingWord>:54 - Processed word: |e|=>|e|
51:36,0876 DEBUG MyProblem <processingWord>:54 - Processed word: |public|=>|public|
51:36,0876 DEBUG MyProblem <processingWord>:54 - Processed word: |static|=>|static|
51:36,0876 DEBUG MyProblem <processingWord>:54 - Processed word: |void|=>|void|
51:36,0876 DEBUG MyProblem <processingWord>:54 - Processed word: |main|=>|main|
51:36,0877 DEBUG MyProblem <processingWord>:54 - Processed word: |String|=>|String|
51:36,0877 DEBUG MyProblem <processingWord>:54 - Processed word: |args|=>|args|
51:36,0877 DEBUG MyProblem <processingWord>:54 - Processed word: |try|=>|try|
51:36,0877 DEBUG MyProblem <processingWord>:54 - Processed word: |double|=>|double|
51:36,0878 DEBUG MyProblem <processingWord>:54 - Processed word: |res|=>|res|
51:36,0878 DEBUG MyProblem <processingWord>:54 - Processed word: |salary|=>|salary|
51:36,0878 DEBUG MyProblem <processingWord>:54 - Processed word: |3|=>|3|
51:36,0878 DEBUG MyProblem <processingWord>:54 - Processed word: |или|=>|или|
51:36,0878 DEBUG MyProblem <processingWord>:54 - Processed word: |0|=>|0|
51:36,0879 DEBUG MyProblem <processingWord>:54 - Processed word: |или|=>|или|
51:36,0879 DEBUG MyProblem <processingWord>:54 - Processed word: |7|=>|7|
51:36,0879 DEBUG MyProblem <processingWord>:54 - Processed word: |1|=>|1|
51:36,0879 DEBUG MyProblem <processingWord>:54 - Processed word: |catch|=>|cath|
51:36,0880 DEBUG MyProblem <processingWord>:54 - Processed word: |SalaryException|=>|SalaryException|
51:36,0880 DEBUG MyProblem <processingWord>:54 - Processed word: |e|=>|e|
51:36,0880 DEBUG MyProblem <processingWord>:54 - Processed word: |System|=>|System|
51:36,0880 DEBUG MyProblem <processingWord>:54 - Processed word: |err|=>|er|
51:36,0880 DEBUG MyProblem <processingWord>:54 - Processed word: |println|=>|pritln|
51:36,0881 DEBUG MyProblem <processingWord>:54 - Processed word: |e|=>|e|
51:36,0881 DEBUG MyProblem <processingWord>:54 - Processed word: |toString|=>|toSring|
51:36,0881 DEBUG MyProblem <processingWord>:54 - Processed word: |System|=>|System|
51:36,0881 DEBUG MyProblem <processingWord>:54 - Processed word: |err|=>|er|
51:36,0881 DEBUG MyProblem <processingWord>:54 - Processed word: |println|=>|pritln|
51:36,0882 DEBUG MyProblem <processingWord>:54 - Processed word: |e|=>|e|
51:36,0882 DEBUG MyProblem <processingWord>:54 - Processed word: |getHiddenException|=>|getHiddeException|
