19:51:33Runner INFO - Программа работает!
19:51:36Runner INFO - Choosed language is: English
19:51:36IOFile INFO - Reading file...
19:51:36IOFile INFO - Read file complete!
19:51:36Runner INFO - Start parsing text!
19:51:36Regex INFO - Init regex comlete!
19:51:36AnalizeText DEBUG - Parsing...
19:51:36AnalizeText DEBUG - Parsing...
19:51:36AnalizeText DEBUG - Parsing...
19:51:36AnalizeText DEBUG - Parsing...
19:51:36AnalizeText DEBUG - Parse complete!
19:51:36AnalizeText DEBUG - Parsing...
19:51:36AnalizeText DEBUG - Parse complete!
19:51:36AnalizeText DEBUG - Parsing...
19:51:36AnalizeText DEBUG - Parse complete!
19:51:36AnalizeText DEBUG - Parsing...
19:51:36AnalizeText DEBUG - Parse complete!
19:51:36AnalizeText DEBUG - Parsing...
19:51:36AnalizeText DEBUG - Parse complete!
19:51:36AnalizeText DEBUG - Parsing...
19:51:36AnalizeText DEBUG - Parse complete!
19:51:36AnalizeText DEBUG - Parsing...
19:51:36AnalizeText DEBUG - Parse complete!
19:51:36AnalizeText DEBUG - Parsing...
19:51:36AnalizeText DEBUG - Parse complete!
19:51:36AnalizeText DEBUG - Parsing...
19:51:36AnalizeText DEBUG - Parse complete!
19:51:36AnalizeText DEBUG - Parsing...
19:51:36AnalizeText DEBUG - Parse complete!
19:51:36AnalizeText DEBUG - Parsing...
19:51:36AnalizeText DEBUG - Parse complete!
19:51:36AnalizeText DEBUG - Parsing...
19:51:36AnalizeText DEBUG - Parse complete!
19:51:36AnalizeText DEBUG - Parsing...
19:51:36AnalizeText DEBUG - Parse complete!
19:51:36AnalizeText DEBUG - Parsing...
19:51:36AnalizeText DEBUG - Parse complete!
19:51:36AnalizeText DEBUG - Parsing...
19:51:36AnalizeText DEBUG - Parse complete!
19:51:36AnalizeText DEBUG - Parsing...
19:51:36AnalizeText DEBUG - Parse complete!
19:51:36AnalizeText DEBUG - Parsing...
19:51:36AnalizeText DEBUG - Parse complete!
19:51:36AnalizeText DEBUG - Parsing...
19:51:36AnalizeText DEBUG - Parse complete!
19:51:36AnalizeText DEBUG - Parsing...
19:51:36AnalizeText DEBUG - Parse complete!
19:51:36AnalizeText DEBUG - Parsing...
19:51:36AnalizeText DEBUG - Parse complete!
19:51:36AnalizeText DEBUG - Parsing...
19:51:36AnalizeText DEBUG - Parse complete!
19:51:36AnalizeText DEBUG - Parsing...
19:51:36AnalizeText DEBUG - Parse complete!
19:51:36AnalizeText DEBUG - Parse complete!
19:51:36AnalizeText DEBUG - Parse complete!
19:51:36AnalizeText DEBUG - Parsing...
19:51:36AnalizeText DEBUG - Parsing...
19:51:36AnalizeText DEBUG - Parsing...
19:51:36AnalizeText DEBUG - Parse complete!
19:51:36AnalizeText DEBUG - Parsing...
19:51:36AnalizeText DEBUG - Parse complete!
19:51:36AnalizeText DEBUG - Parsing...
19:51:36AnalizeText DEBUG - Parse complete!
19:51:36AnalizeText DEBUG - Parsing...
19:51:36AnalizeText DEBUG - Parse complete!
19:51:36AnalizeText DEBUG - Parsing...
19:51:36AnalizeText DEBUG - Parse complete!
19:51:36AnalizeText DEBUG - Parsing...
19:51:36AnalizeText DEBUG - Parse complete!
19:51:36AnalizeText DEBUG - Parsing...
19:51:36AnalizeText DEBUG - Parse complete!
19:51:36AnalizeText DEBUG - Parsing...
19:51:36AnalizeText DEBUG - Parse complete!
19:51:36AnalizeText DEBUG - Parsing...
19:51:36AnalizeText DEBUG - Parse complete!
19:51:36AnalizeText DEBUG - Parsing...
19:51:36AnalizeText DEBUG - Parse complete!
19:51:36AnalizeText DEBUG - Parsing...
19:51:36AnalizeText DEBUG - Parse complete!
19:51:36AnalizeText DEBUG - Parsing...
19:51:36AnalizeText DEBUG - Parse complete!
19:51:36AnalizeText DEBUG - Parse complete!
19:51:36AnalizeText DEBUG - Parse complete!
19:51:36AnalizeText DEBUG - Parsing...
19:51:36AnalizeText DEBUG - Parsing...
19:51:36AnalizeText DEBUG - Parsing...
19:51:36AnalizeText DEBUG - Parse complete!
19:51:36AnalizeText DEBUG - Parsing...
19:51:36AnalizeText DEBUG - Parse complete!
19:51:36AnalizeText DEBUG - Parse complete!
19:51:36AnalizeText DEBUG - Parse complete!
19:51:36AnalizeText DEBUG - Parsing...
19:51:36AnalizeText DEBUG - Parsing...
19:51:36AnalizeText DEBUG - Parsing...
19:51:36AnalizeText DEBUG - Parse complete!
19:51:36AnalizeText DEBUG - Parsing...
19:51:36AnalizeText DEBUG - Parse complete!
19:51:36AnalizeText DEBUG - Parsing...
19:51:36AnalizeText DEBUG - Parse complete!
19:51:36AnalizeText DEBUG - Parsing...
19:51:36AnalizeText DEBUG - Parse complete!
19:51:36AnalizeText DEBUG - Parsing...
19:51:36AnalizeText DEBUG - Parse complete!
19:51:36AnalizeText DEBUG - Parsing...
19:51:36AnalizeText DEBUG - Parse complete!
19:51:36AnalizeText DEBUG - Parsing...
19:51:36AnalizeText DEBUG - Parse complete!
19:51:36AnalizeText DEBUG - Parsing...
19:51:36AnalizeText DEBUG - Parse complete!
19:51:36AnalizeText DEBUG - Parsing...
19:51:36AnalizeText DEBUG - Parse complete!
19:51:36AnalizeText DEBUG - Parsing...
19:51:36AnalizeText DEBUG - Parse complete!
19:51:36AnalizeText DEBUG - Parsing...
19:51:36AnalizeText DEBUG - Parse complete!
19:51:36AnalizeText DEBUG - Parsing...
19:51:36AnalizeText DEBUG - Parse complete!
19:51:36AnalizeText DEBUG - Parsing...
19:51:36AnalizeText DEBUG - Parse complete!
19:51:36AnalizeText DEBUG - Parsing...
19:51:36AnalizeText DEBUG - Parse complete!
19:51:36AnalizeText DEBUG - Parsing...
19:51:36AnalizeText DEBUG - Parse complete!
19:51:36AnalizeText DEBUG - Parsing...
19:51:36AnalizeText DEBUG - Parse complete!
19:51:36AnalizeText DEBUG - Parsing...
19:51:36AnalizeText DEBUG - Parse complete!
19:51:36AnalizeText DEBUG - Parsing...
19:51:36AnalizeText DEBUG - Parse complete!
19:51:36AnalizeText DEBUG - Parsing...
19:51:36AnalizeText DEBUG - Parse complete!
19:51:36AnalizeText DEBUG - Parsing...
19:51:36AnalizeText DEBUG - Parse complete!
19:51:36AnalizeText DEBUG - Parsing...
19:51:36AnalizeText DEBUG - Parse complete!
19:51:36AnalizeText DEBUG - Parsing...
19:51:36AnalizeText DEBUG - Parse complete!
19:51:36AnalizeText DEBUG - Parsing...
19:51:36AnalizeText DEBUG - Parse complete!
19:51:36AnalizeText DEBUG - Parsing...
19:51:36AnalizeText DEBUG - Parse complete!
19:51:36AnalizeText DEBUG - Parsing...
19:51:36AnalizeText DEBUG - Parse complete!
19:51:36AnalizeText DEBUG - Parsing...
19:51:36AnalizeText DEBUG - Parse complete!
19:51:36AnalizeText DEBUG - Parsing...
19:51:36AnalizeText DEBUG - Parse complete!
19:51:36AnalizeText DEBUG - Parsing...
19:51:36AnalizeText DEBUG - Parse complete!
19:51:36AnalizeText DEBUG - Parsing...
19:51:36AnalizeText DEBUG - Parse complete!
19:51:36AnalizeText DEBUG - Parsing...
19:51:36AnalizeText DEBUG - Parse complete!
19:51:36AnalizeText DEBUG - Parsing...
19:51:36AnalizeText DEBUG - Parse complete!
19:51:36AnalizeText DEBUG - Parsing...
19:51:36AnalizeText DEBUG - Parse complete!
19:51:36AnalizeText DEBUG - Parsing...
19:51:36AnalizeText DEBUG - Parse complete!
19:51:36AnalizeText DEBUG - Parsing...
19:51:36AnalizeText DEBUG - Parse complete!
19:51:36AnalizeText DEBUG - Parsing...
19:51:36AnalizeText DEBUG - Parse complete!
19:51:36AnalizeText DEBUG - Parsing...
19:51:36AnalizeText DEBUG - Parse complete!
19:51:36AnalizeText DEBUG - Parsing...
19:51:36AnalizeText DEBUG - Parse complete!
19:51:36AnalizeText DEBUG - Parsing...
19:51:36AnalizeText DEBUG - Parse complete!
19:51:36AnalizeText DEBUG - Parsing...
19:51:36AnalizeText DEBUG - Parse complete!
19:51:36AnalizeText DEBUG - Parsing...
19:51:36AnalizeText DEBUG - Parse complete!
19:51:36AnalizeText DEBUG - Parsing...
19:51:36AnalizeText DEBUG - Parse complete!
19:51:36AnalizeText DEBUG - Parsing...
19:51:36AnalizeText DEBUG - Parse complete!
19:51:36AnalizeText DEBUG - Parsing...
19:51:36AnalizeText DEBUG - Parse complete!
19:51:36AnalizeText DEBUG - Parsing...
19:51:36AnalizeText DEBUG - Parse complete!
19:51:36AnalizeText DEBUG - Parsing...
19:51:36AnalizeText DEBUG - Parse complete!
19:51:36AnalizeText DEBUG - Parsing...
19:51:36AnalizeText DEBUG - Parse complete!
19:51:36AnalizeText DEBUG - Parsing...
19:51:36AnalizeText DEBUG - Parse complete!
19:51:36AnalizeText DEBUG - Parsing...
19:51:36AnalizeText DEBUG - Parse complete!
19:51:36AnalizeText DEBUG - Parse complete!
19:51:36AnalizeText DEBUG - Parse complete!
19:51:36AnalizeText DEBUG - Parsing...
19:51:36AnalizeText DEBUG - Parsing...
19:51:36AnalizeText DEBUG - Parsing...
19:51:36AnalizeText DEBUG - Parse complete!
19:51:36AnalizeText DEBUG - Parsing...
19:51:36AnalizeText DEBUG - Parse complete!
19:51:36AnalizeText DEBUG - Parse complete!
19:51:36AnalizeText DEBUG - Parse complete!
19:51:36AnalizeText DEBUG - Parsing...
19:51:36AnalizeText DEBUG - Parsing...
19:51:36AnalizeText DEBUG - Parsing...
19:51:36AnalizeText DEBUG - Parse complete!
19:51:36AnalizeText DEBUG - Parsing...
19:51:36AnalizeText DEBUG - Parse complete!
19:51:36AnalizeText DEBUG - Parsing...
19:51:36AnalizeText DEBUG - Parse complete!
19:51:36AnalizeText DEBUG - Parsing...
19:51:36AnalizeText DEBUG - Parse complete!
19:51:36AnalizeText DEBUG - Parsing...
19:51:36AnalizeText DEBUG - Parse complete!
19:51:36AnalizeText DEBUG - Parsing...
19:51:36AnalizeText DEBUG - Parse complete!
19:51:36AnalizeText DEBUG - Parsing...
19:51:36AnalizeText DEBUG - Parse complete!
19:51:36AnalizeText DEBUG - Parsing...
19:51:36AnalizeText DEBUG - Parse complete!
19:51:36AnalizeText DEBUG - Parsing...
19:51:36AnalizeText DEBUG - Parse complete!
19:51:36AnalizeText DEBUG - Parsing...
19:51:36AnalizeText DEBUG - Parse complete!
19:51:36AnalizeText DEBUG - Parsing...
19:51:36AnalizeText DEBUG - Parse complete!
19:51:36AnalizeText DEBUG - Parsing...
19:51:36AnalizeText DEBUG - Parse complete!
19:51:36AnalizeText DEBUG - Parsing...
19:51:36AnalizeText DEBUG - Parse complete!
19:51:36AnalizeText DEBUG - Parsing...
19:51:36AnalizeText DEBUG - Parse complete!
19:51:36AnalizeText DEBUG - Parsing...
19:51:36AnalizeText DEBUG - Parse complete!
19:51:36AnalizeText DEBUG - Parsing...
19:51:36AnalizeText DEBUG - Parse complete!
19:51:36AnalizeText DEBUG - Parsing...
19:51:36AnalizeText DEBUG - Parse complete!
19:51:36AnalizeText DEBUG - Parsing...
19:51:36AnalizeText DEBUG - Parse complete!
19:51:36AnalizeText DEBUG - Parsing...
19:51:36AnalizeText DEBUG - Parse complete!
19:51:36AnalizeText DEBUG - Parsing...
19:51:36AnalizeText DEBUG - Parse complete!
19:51:36AnalizeText DEBUG - Parsing...
19:51:36AnalizeText DEBUG - Parse complete!
19:51:36AnalizeText DEBUG - Parsing...
19:51:36AnalizeText DEBUG - Parse complete!
19:51:36AnalizeText DEBUG - Parsing...
19:51:36AnalizeText DEBUG - Parse complete!
19:51:36AnalizeText DEBUG - Parsing...
19:51:36AnalizeText DEBUG - Parse complete!
19:51:36AnalizeText DEBUG - Parsing...
19:51:36AnalizeText DEBUG - Parse complete!
19:51:36AnalizeText DEBUG - Parsing...
19:51:36AnalizeText DEBUG - Parse complete!
19:51:36AnalizeText DEBUG - Parsing...
19:51:36AnalizeText DEBUG - Parse complete!
19:51:36AnalizeText DEBUG - Parsing...
19:51:36AnalizeText DEBUG - Parse complete!
19:51:36AnalizeText DEBUG - Parsing...
19:51:36AnalizeText DEBUG - Parse complete!
19:51:36AnalizeText DEBUG - Parse complete!
19:51:36AnalizeText DEBUG - Parse complete!
19:51:36AnalizeText DEBUG - Parsing...
19:51:36AnalizeText DEBUG - Parsing...
19:51:36AnalizeText DEBUG - Parsing...
19:51:36AnalizeText DEBUG - Parse complete!
19:51:36AnalizeText DEBUG - Parsing...
19:51:36AnalizeText DEBUG - Parse complete!
19:51:36AnalizeText DEBUG - Parsing...
19:51:36AnalizeText DEBUG - Parse complete!
19:51:36AnalizeText DEBUG - Parsing...
19:51:36AnalizeText DEBUG - Parse complete!
19:51:36AnalizeText DEBUG - Parsing...
19:51:36AnalizeText DEBUG - Parse complete!
19:51:36AnalizeText DEBUG - Parsing...
19:51:36AnalizeText DEBUG - Parse complete!
19:51:36AnalizeText DEBUG - Parsing...
19:51:36AnalizeText DEBUG - Parse complete!
19:51:36AnalizeText DEBUG - Parsing...
19:51:36AnalizeText DEBUG - Parse complete!
19:51:36AnalizeText DEBUG - Parsing...
19:51:36AnalizeText DEBUG - Parse complete!
19:51:36AnalizeText DEBUG - Parsing...
19:51:36AnalizeText DEBUG - Parse complete!
19:51:36AnalizeText DEBUG - Parsing...
19:51:36AnalizeText DEBUG - Parse complete!
19:51:36AnalizeText DEBUG - Parsing...
19:51:36AnalizeText DEBUG - Parse complete!
19:51:36AnalizeText DEBUG - Parsing...
19:51:36AnalizeText DEBUG - Parse complete!
19:51:36AnalizeText DEBUG - Parsing...
19:51:36AnalizeText DEBUG - Parse complete!
19:51:36AnalizeText DEBUG - Parsing...
19:51:36AnalizeText DEBUG - Parse complete!
19:51:36AnalizeText DEBUG - Parsing...
19:51:36AnalizeText DEBUG - Parse complete!
19:51:36AnalizeText DEBUG - Parsing...
19:51:36AnalizeText DEBUG - Parse complete!
19:51:36AnalizeText DEBUG - Parsing...
19:51:36AnalizeText DEBUG - Parse complete!
19:51:36AnalizeText DEBUG - Parsing...
19:51:36AnalizeText DEBUG - Parse complete!
19:51:36AnalizeText DEBUG - Parsing...
19:51:36AnalizeText DEBUG - Parse complete!
19:51:36AnalizeText DEBUG - Parsing...
19:51:36AnalizeText DEBUG - Parse complete!
19:51:36AnalizeText DEBUG - Parsing...
19:51:36AnalizeText DEBUG - Parse complete!
19:51:36AnalizeText DEBUG - Parsing...
19:51:36AnalizeText DEBUG - Parse complete!
19:51:36AnalizeText DEBUG - Parsing...
19:51:36AnalizeText DEBUG - Parse complete!
19:51:36AnalizeText DEBUG - Parsing...
19:51:36AnalizeText DEBUG - Parse complete!
19:51:36AnalizeText DEBUG - Parsing...
19:51:36AnalizeText DEBUG - Parse complete!
19:51:36AnalizeText DEBUG - Parsing...
19:51:36AnalizeText DEBUG - Parse complete!
19:51:36AnalizeText DEBUG - Parsing...
19:51:36AnalizeText DEBUG - Parse complete!
19:51:36AnalizeText DEBUG - Parsing...
19:51:36AnalizeText DEBUG - Parse complete!
19:51:36AnalizeText DEBUG - Parsing...
19:51:36AnalizeText DEBUG - Parse complete!
19:51:36AnalizeText DEBUG - Parsing...
19:51:36AnalizeText DEBUG - Parse complete!
19:51:36AnalizeText DEBUG - Parsing...
19:51:36AnalizeText DEBUG - Parse complete!
19:51:36AnalizeText DEBUG - Parsing...
19:51:36AnalizeText DEBUG - Parse complete!
19:51:36AnalizeText DEBUG - Parsing...
19:51:36AnalizeText DEBUG - Parse complete!
19:51:36AnalizeText DEBUG - Parsing...
19:51:36AnalizeText DEBUG - Parse complete!
19:51:36AnalizeText DEBUG - Parsing...
19:51:36AnalizeText DEBUG - Parse complete!
19:51:36AnalizeText DEBUG - Parsing...
19:51:36AnalizeText DEBUG - Parse complete!
19:51:36AnalizeText DEBUG - Parsing...
19:51:36AnalizeText DEBUG - Parse complete!
19:51:36AnalizeText DEBUG - Parsing...
19:51:36AnalizeText DEBUG - Parse complete!
19:51:36AnalizeText DEBUG - Parsing...
19:51:36AnalizeText DEBUG - Parse complete!
19:51:36AnalizeText DEBUG - Parsing...
19:51:36AnalizeText DEBUG - Parse complete!
19:51:36AnalizeText DEBUG - Parsing...
19:51:36AnalizeText DEBUG - Parse complete!
19:51:36AnalizeText DEBUG - Parse complete!
19:51:36AnalizeText DEBUG - Parse complete!
19:51:36AnalizeText DEBUG - Parse complete!
19:51:36Runner INFO - Complete parsing text!
19:51:36Runner INFO - Collect text and write to file!
19:51:36AnalizeText DEBUG - Collecting...
19:51:36AnalizeText DEBUG - Collecting...
19:51:36AnalizeText DEBUG - Collecting...
19:51:36AnalizeText DEBUG - Collecting...
19:51:36AnalizeText DEBUG - Collect complete!
19:51:36AnalizeText DEBUG - Collecting...
19:51:36AnalizeText DEBUG - Collect complete!
19:51:36AnalizeText DEBUG - Collecting...
19:51:36AnalizeText DEBUG - Collect complete!
19:51:36AnalizeText DEBUG - Collecting...
19:51:36AnalizeText DEBUG - Collect complete!
19:51:36AnalizeText DEBUG - Collecting...
19:51:36AnalizeText DEBUG - Collect complete!
19:51:36AnalizeText DEBUG - Collecting...
19:51:36AnalizeText DEBUG - Collect complete!
19:51:36AnalizeText DEBUG - Collecting...
19:51:36AnalizeText DEBUG - Collect complete!
19:51:36AnalizeText DEBUG - Collecting...
19:51:36AnalizeText DEBUG - Collect complete!
19:51:36AnalizeText DEBUG - Collecting...
19:51:36AnalizeText DEBUG - Collect complete!
19:51:36AnalizeText DEBUG - Collecting...
19:51:36AnalizeText DEBUG - Collect complete!
19:51:36AnalizeText DEBUG - Collecting...
19:51:36AnalizeText DEBUG - Collect complete!
19:51:36AnalizeText DEBUG - Collecting...
19:51:36AnalizeText DEBUG - Collect complete!
19:51:36AnalizeText DEBUG - Collecting...
19:51:36AnalizeText DEBUG - Collect complete!
19:51:36AnalizeText DEBUG - Collecting...
19:51:36AnalizeText DEBUG - Collect complete!
19:51:36AnalizeText DEBUG - Collecting...
19:51:36AnalizeText DEBUG - Collect complete!
19:51:36AnalizeText DEBUG - Collecting...
19:51:36AnalizeText DEBUG - Collect complete!
19:51:36AnalizeText DEBUG - Collecting...
19:51:36AnalizeText DEBUG - Collect complete!
19:51:36AnalizeText DEBUG - Collecting...
19:51:36AnalizeText DEBUG - Collect complete!
19:51:36AnalizeText DEBUG - Collecting...
19:51:36AnalizeText DEBUG - Collect complete!
19:51:36AnalizeText DEBUG - Collecting...
19:51:36AnalizeText DEBUG - Collect complete!
19:51:36AnalizeText DEBUG - Collecting...
19:51:36AnalizeText DEBUG - Collect complete!
19:51:36AnalizeText DEBUG - Collecting...
19:51:36AnalizeText DEBUG - Collect complete!
19:51:36AnalizeText DEBUG - Collect complete!
19:51:36AnalizeText DEBUG - Collect complete!
19:51:36AnalizeText DEBUG - Collecting...
19:51:36AnalizeText DEBUG - Collecting...
19:51:36AnalizeText DEBUG - Collecting...
19:51:36AnalizeText DEBUG - Collect complete!
19:51:36AnalizeText DEBUG - Collecting...
19:51:36AnalizeText DEBUG - Collect complete!
19:51:36AnalizeText DEBUG - Collecting...
19:51:36AnalizeText DEBUG - Collect complete!
19:51:36AnalizeText DEBUG - Collecting...
19:51:36AnalizeText DEBUG - Collect complete!
19:51:36AnalizeText DEBUG - Collecting...
19:51:36AnalizeText DEBUG - Collect complete!
19:51:36AnalizeText DEBUG - Collecting...
19:51:36AnalizeText DEBUG - Collect complete!
19:51:36AnalizeText DEBUG - Collecting...
19:51:36AnalizeText DEBUG - Collect complete!
19:51:36AnalizeText DEBUG - Collecting...
19:51:36AnalizeText DEBUG - Collect complete!
19:51:36AnalizeText DEBUG - Collecting...
19:51:36AnalizeText DEBUG - Collect complete!
19:51:36AnalizeText DEBUG - Collecting...
19:51:36AnalizeText DEBUG - Collect complete!
19:51:36AnalizeText DEBUG - Collecting...
19:51:36AnalizeText DEBUG - Collect complete!
19:51:36AnalizeText DEBUG - Collecting...
19:51:36AnalizeText DEBUG - Collect complete!
19:51:36AnalizeText DEBUG - Collect complete!
19:51:36AnalizeText DEBUG - Collect complete!
19:51:36AnalizeText DEBUG - Collecting...
19:51:36AnalizeText DEBUG - Collecting...
19:51:36AnalizeText DEBUG - Collecting...
19:51:36AnalizeText DEBUG - Collect complete!
19:51:36AnalizeText DEBUG - Collecting...
19:51:36AnalizeText DEBUG - Collect complete!
19:51:36AnalizeText DEBUG - Collect complete!
19:51:36AnalizeText DEBUG - Collect complete!
19:51:36AnalizeText DEBUG - Collecting...
19:51:36AnalizeText DEBUG - Collecting...
19:51:36AnalizeText DEBUG - Collecting...
19:51:36AnalizeText DEBUG - Collect complete!
19:51:36AnalizeText DEBUG - Collecting...
19:51:36AnalizeText DEBUG - Collect complete!
19:51:36AnalizeText DEBUG - Collecting...
19:51:36AnalizeText DEBUG - Collect complete!
19:51:36AnalizeText DEBUG - Collecting...
19:51:36AnalizeText DEBUG - Collect complete!
19:51:36AnalizeText DEBUG - Collecting...
19:51:36AnalizeText DEBUG - Collect complete!
19:51:36AnalizeText DEBUG - Collecting...
19:51:36AnalizeText DEBUG - Collect complete!
19:51:36AnalizeText DEBUG - Collecting...
19:51:36AnalizeText DEBUG - Collect complete!
19:51:36AnalizeText DEBUG - Collecting...
19:51:36AnalizeText DEBUG - Collect complete!
19:51:36AnalizeText DEBUG - Collecting...
19:51:36AnalizeText DEBUG - Collect complete!
19:51:36AnalizeText DEBUG - Collecting...
19:51:36AnalizeText DEBUG - Collect complete!
19:51:36AnalizeText DEBUG - Collecting...
19:51:36AnalizeText DEBUG - Collect complete!
19:51:36AnalizeText DEBUG - Collecting...
19:51:36AnalizeText DEBUG - Collect complete!
19:51:36AnalizeText DEBUG - Collecting...
19:51:36AnalizeText DEBUG - Collect complete!
19:51:36AnalizeText DEBUG - Collecting...
19:51:36AnalizeText DEBUG - Collect complete!
19:51:36AnalizeText DEBUG - Collecting...
19:51:36AnalizeText DEBUG - Collect complete!
19:51:36AnalizeText DEBUG - Collecting...
19:51:36AnalizeText DEBUG - Collect complete!
19:51:36AnalizeText DEBUG - Collecting...
19:51:36AnalizeText DEBUG - Collect complete!
19:51:36AnalizeText DEBUG - Collecting...
19:51:36AnalizeText DEBUG - Collect complete!
19:51:36AnalizeText DEBUG - Collecting...
19:51:36AnalizeText DEBUG - Collect complete!
19:51:36AnalizeText DEBUG - Collecting...
19:51:36AnalizeText DEBUG - Collect complete!
19:51:36AnalizeText DEBUG - Collecting...
19:51:36AnalizeText DEBUG - Collect complete!
19:51:36AnalizeText DEBUG - Collecting...
19:51:36AnalizeText DEBUG - Collect complete!
19:51:36AnalizeText DEBUG - Collecting...
19:51:36AnalizeText DEBUG - Collect complete!
19:51:36AnalizeText DEBUG - Collecting...
19:51:36AnalizeText DEBUG - Collect complete!
19:51:36AnalizeText DEBUG - Collecting...
19:51:36AnalizeText DEBUG - Collect complete!
19:51:36AnalizeText DEBUG - Collecting...
19:51:36AnalizeText DEBUG - Collect complete!
19:51:36AnalizeText DEBUG - Collecting...
19:51:36AnalizeText DEBUG - Collect complete!
19:51:36AnalizeText DEBUG - Collecting...
19:51:36AnalizeText DEBUG - Collect complete!
19:51:36AnalizeText DEBUG - Collecting...
19:51:36AnalizeText DEBUG - Collect complete!
19:51:36AnalizeText DEBUG - Collecting...
19:51:36AnalizeText DEBUG - Collect complete!
19:51:36AnalizeText DEBUG - Collecting...
19:51:36AnalizeText DEBUG - Collect complete!
19:51:36AnalizeText DEBUG - Collecting...
19:51:36AnalizeText DEBUG - Collect complete!
19:51:36AnalizeText DEBUG - Collecting...
19:51:36AnalizeText DEBUG - Collect complete!
19:51:36AnalizeText DEBUG - Collecting...
19:51:36AnalizeText DEBUG - Collect complete!
19:51:36AnalizeText DEBUG - Collecting...
19:51:36AnalizeText DEBUG - Collect complete!
19:51:36AnalizeText DEBUG - Collecting...
19:51:36AnalizeText DEBUG - Collect complete!
19:51:36AnalizeText DEBUG - Collecting...
19:51:36AnalizeText DEBUG - Collect complete!
19:51:36AnalizeText DEBUG - Collecting...
19:51:36AnalizeText DEBUG - Collect complete!
19:51:36AnalizeText DEBUG - Collecting...
19:51:36AnalizeText DEBUG - Collect complete!
19:51:36AnalizeText DEBUG - Collecting...
19:51:36AnalizeText DEBUG - Collect complete!
19:51:36AnalizeText DEBUG - Collecting...
19:51:36AnalizeText DEBUG - Collect complete!
19:51:36AnalizeText DEBUG - Collecting...
19:51:36AnalizeText DEBUG - Collect complete!
19:51:36AnalizeText DEBUG - Collecting...
19:51:36AnalizeText DEBUG - Collect complete!
19:51:36AnalizeText DEBUG - Collecting...
19:51:36AnalizeText DEBUG - Collect complete!
19:51:36AnalizeText DEBUG - Collecting...
19:51:36AnalizeText DEBUG - Collect complete!
19:51:36AnalizeText DEBUG - Collecting...
19:51:36AnalizeText DEBUG - Collect complete!
19:51:36AnalizeText DEBUG - Collecting...
19:51:36AnalizeText DEBUG - Collect complete!
19:51:36AnalizeText DEBUG - Collecting...
19:51:36AnalizeText DEBUG - Collect complete!
19:51:36AnalizeText DEBUG - Collect complete!
19:51:36AnalizeText DEBUG - Collect complete!
19:51:36AnalizeText DEBUG - Collecting...
19:51:36AnalizeText DEBUG - Collecting...
19:51:36AnalizeText DEBUG - Collecting...
19:51:36AnalizeText DEBUG - Collect complete!
19:51:36AnalizeText DEBUG - Collecting...
19:51:36AnalizeText DEBUG - Collect complete!
19:51:36AnalizeText DEBUG - Collect complete!
19:51:36AnalizeText DEBUG - Collect complete!
19:51:36AnalizeText DEBUG - Collecting...
19:51:36AnalizeText DEBUG - Collecting...
19:51:36AnalizeText DEBUG - Collecting...
19:51:36AnalizeText DEBUG - Collect complete!
19:51:36AnalizeText DEBUG - Collecting...
19:51:36AnalizeText DEBUG - Collect complete!
19:51:36AnalizeText DEBUG - Collecting...
19:51:36AnalizeText DEBUG - Collect complete!
19:51:36AnalizeText DEBUG - Collecting...
19:51:36AnalizeText DEBUG - Collect complete!
19:51:36AnalizeText DEBUG - Collecting...
19:51:36AnalizeText DEBUG - Collect complete!
19:51:36AnalizeText DEBUG - Collecting...
19:51:36AnalizeText DEBUG - Collect complete!
19:51:36AnalizeText DEBUG - Collecting...
19:51:36AnalizeText DEBUG - Collect complete!
19:51:36AnalizeText DEBUG - Collecting...
19:51:36AnalizeText DEBUG - Collect complete!
19:51:36AnalizeText DEBUG - Collecting...
19:51:36AnalizeText DEBUG - Collect complete!
19:51:36AnalizeText DEBUG - Collecting...
19:51:36AnalizeText DEBUG - Collect complete!
19:51:36AnalizeText DEBUG - Collecting...
19:51:36AnalizeText DEBUG - Collect complete!
19:51:36AnalizeText DEBUG - Collecting...
19:51:36AnalizeText DEBUG - Collect complete!
19:51:36AnalizeText DEBUG - Collecting...
19:51:36AnalizeText DEBUG - Collect complete!
19:51:36AnalizeText DEBUG - Collecting...
19:51:36AnalizeText DEBUG - Collect complete!
19:51:36AnalizeText DEBUG - Collecting...
19:51:36AnalizeText DEBUG - Collect complete!
19:51:36AnalizeText DEBUG - Collecting...
19:51:36AnalizeText DEBUG - Collect complete!
19:51:36AnalizeText DEBUG - Collecting...
19:51:36AnalizeText DEBUG - Collect complete!
19:51:36AnalizeText DEBUG - Collecting...
19:51:36AnalizeText DEBUG - Collect complete!
19:51:36AnalizeText DEBUG - Collecting...
19:51:36AnalizeText DEBUG - Collect complete!
19:51:36AnalizeText DEBUG - Collecting...
19:51:36AnalizeText DEBUG - Collect complete!
19:51:36AnalizeText DEBUG - Collecting...
19:51:36AnalizeText DEBUG - Collect complete!
19:51:36AnalizeText DEBUG - Collecting...
19:51:36AnalizeText DEBUG - Collect complete!
19:51:36AnalizeText DEBUG - Collecting...
19:51:36AnalizeText DEBUG - Collect complete!
19:51:36AnalizeText DEBUG - Collecting...
19:51:36AnalizeText DEBUG - Collect complete!
19:51:36AnalizeText DEBUG - Collecting...
19:51:36AnalizeText DEBUG - Collect complete!
19:51:36AnalizeText DEBUG - Collecting...
19:51:36AnalizeText DEBUG - Collect complete!
19:51:36AnalizeText DEBUG - Collecting...
19:51:36AnalizeText DEBUG - Collect complete!
19:51:36AnalizeText DEBUG - Collecting...
19:51:36AnalizeText DEBUG - Collect complete!
19:51:36AnalizeText DEBUG - Collecting...
19:51:36AnalizeText DEBUG - Collect complete!
19:51:36AnalizeText DEBUG - Collect complete!
19:51:36AnalizeText DEBUG - Collect complete!
19:51:36AnalizeText DEBUG - Collecting...
19:51:36AnalizeText DEBUG - Collecting...
19:51:36AnalizeText DEBUG - Collecting...
19:51:36AnalizeText DEBUG - Collect complete!
19:51:36AnalizeText DEBUG - Collecting...
19:51:36AnalizeText DEBUG - Collect complete!
19:51:36AnalizeText DEBUG - Collecting...
19:51:36AnalizeText DEBUG - Collect complete!
19:51:36AnalizeText DEBUG - Collecting...
19:51:36AnalizeText DEBUG - Collect complete!
19:51:36AnalizeText DEBUG - Collecting...
19:51:36AnalizeText DEBUG - Collect complete!
19:51:36AnalizeText DEBUG - Collecting...
19:51:36AnalizeText DEBUG - Collect complete!
19:51:36AnalizeText DEBUG - Collecting...
19:51:36AnalizeText DEBUG - Collect complete!
19:51:36AnalizeText DEBUG - Collecting...
19:51:36AnalizeText DEBUG - Collect complete!
19:51:36AnalizeText DEBUG - Collecting...
19:51:36AnalizeText DEBUG - Collect complete!
19:51:36AnalizeText DEBUG - Collecting...
19:51:36AnalizeText DEBUG - Collect complete!
19:51:36AnalizeText DEBUG - Collecting...
19:51:36AnalizeText DEBUG - Collect complete!
19:51:36AnalizeText DEBUG - Collecting...
19:51:36AnalizeText DEBUG - Collect complete!
19:51:36AnalizeText DEBUG - Collecting...
19:51:36AnalizeText DEBUG - Collect complete!
19:51:36AnalizeText DEBUG - Collecting...
19:51:36AnalizeText DEBUG - Collect complete!
19:51:36AnalizeText DEBUG - Collecting...
19:51:36AnalizeText DEBUG - Collect complete!
19:51:36AnalizeText DEBUG - Collecting...
19:51:36AnalizeText DEBUG - Collect complete!
19:51:36AnalizeText DEBUG - Collecting...
19:51:36AnalizeText DEBUG - Collect complete!
19:51:36AnalizeText DEBUG - Collecting...
19:51:36AnalizeText DEBUG - Collect complete!
19:51:36AnalizeText DEBUG - Collecting...
19:51:36AnalizeText DEBUG - Collect complete!
19:51:36AnalizeText DEBUG - Collecting...
19:51:36AnalizeText DEBUG - Collect complete!
19:51:36AnalizeText DEBUG - Collecting...
19:51:36AnalizeText DEBUG - Collect complete!
19:51:36AnalizeText DEBUG - Collecting...
19:51:36AnalizeText DEBUG - Collect complete!
19:51:36AnalizeText DEBUG - Collecting...
19:51:36AnalizeText DEBUG - Collect complete!
19:51:36AnalizeText DEBUG - Collecting...
19:51:36AnalizeText DEBUG - Collect complete!
19:51:36AnalizeText DEBUG - Collecting...
19:51:36AnalizeText DEBUG - Collect complete!
19:51:36AnalizeText DEBUG - Collecting...
19:51:36AnalizeText DEBUG - Collect complete!
19:51:36AnalizeText DEBUG - Collecting...
19:51:36AnalizeText DEBUG - Collect complete!
19:51:36AnalizeText DEBUG - Collecting...
19:51:36AnalizeText DEBUG - Collect complete!
19:51:36AnalizeText DEBUG - Collecting...
19:51:36AnalizeText DEBUG - Collect complete!
19:51:36AnalizeText DEBUG - Collecting...
19:51:36AnalizeText DEBUG - Collect complete!
19:51:36AnalizeText DEBUG - Collecting...
19:51:36AnalizeText DEBUG - Collect complete!
19:51:36AnalizeText DEBUG - Collecting...
19:51:36AnalizeText DEBUG - Collect complete!
19:51:36AnalizeText DEBUG - Collecting...
19:51:36AnalizeText DEBUG - Collect complete!
19:51:36AnalizeText DEBUG - Collecting...
19:51:36AnalizeText DEBUG - Collect complete!
19:51:36AnalizeText DEBUG - Collecting...
19:51:36AnalizeText DEBUG - Collect complete!
19:51:36AnalizeText DEBUG - Collecting...
19:51:36AnalizeText DEBUG - Collect complete!
19:51:36AnalizeText DEBUG - Collecting...
19:51:36AnalizeText DEBUG - Collect complete!
19:51:36AnalizeText DEBUG - Collecting...
19:51:36AnalizeText DEBUG - Collect complete!
19:51:36AnalizeText DEBUG - Collecting...
19:51:36AnalizeText DEBUG - Collect complete!
19:51:36AnalizeText DEBUG - Collecting...
19:51:36AnalizeText DEBUG - Collect complete!
19:51:36AnalizeText DEBUG - Collecting...
19:51:36AnalizeText DEBUG - Collect complete!
19:51:36AnalizeText DEBUG - Collecting...
19:51:36AnalizeText DEBUG - Collect complete!
19:51:36AnalizeText DEBUG - Collect complete!
19:51:36AnalizeText DEBUG - Collect complete!
19:51:36AnalizeText DEBUG - Collect complete!
19:51:36IOFile ERROR - File not found!
19:51:36IOFile INFO - File has been created!
19:51:36IOFile INFO - Writing file...
19:51:36IOFile INFO - Write file complete!
19:51:36Runner INFO - Text object has been cloned.
19:51:36Runner INFO - Solving problem...
19:51:36MyProblem DEBUG - Processed word: |Theophilus|=>|Theophilus|
19:51:36AnalizeText DEBUG - Parsing...
19:51:36AnalizeText DEBUG - Parse complete!
19:51:36MyProblem DEBUG - Processed word: |Thistle|=>|Thistle|
19:51:36AnalizeText DEBUG - Parsing...
19:51:36AnalizeText DEBUG - Parse complete!
19:51:36MyProblem DEBUG - Processed word: |the|=>|the|
19:51:36AnalizeText DEBUG - Parsing...
19:51:36AnalizeText DEBUG - Parse complete!
19:51:36MyProblem DEBUG - Processed word: |successful|=>|succeful|
19:51:36AnalizeText DEBUG - Parsing...
19:51:36AnalizeText DEBUG - Parse complete!
19:51:36MyProblem DEBUG - Processed word: |thistle-sifter|=>|thisle-sifer|
19:51:36AnalizeText DEBUG - Parsing...
19:51:36AnalizeText DEBUG - Parse complete!
19:51:36MyProblem DEBUG - Processed word: |Sifted|=>|Sifted|
19:51:36AnalizeText DEBUG - Parsing...
19:51:36AnalizeText DEBUG - Parse complete!
19:51:36MyProblem DEBUG - Processed word: |sixty|=>|sixty|
19:51:36AnalizeText DEBUG - Parsing...
19:51:36AnalizeText DEBUG - Parse complete!
19:51:36MyProblem DEBUG - Processed word: |thistles|=>|thiles|
19:51:36AnalizeText DEBUG - Parsing...
19:51:36AnalizeText DEBUG - Parse complete!
19:51:36MyProblem DEBUG - Processed word: |through|=>|trough|
19:51:36AnalizeText DEBUG - Parsing...
19:51:36AnalizeText DEBUG - Parse complete!
19:51:36MyProblem DEBUG - Processed word: |the|=>|the|
19:51:36AnalizeText DEBUG - Parsing...
19:51:36AnalizeText DEBUG - Parse complete!
19:51:36MyProblem DEBUG - Processed word: |thick|=>|thick|
19:51:36AnalizeText DEBUG - Parsing...
19:51:36AnalizeText DEBUG - Parse complete!
19:51:36MyProblem DEBUG - Processed word: |of|=>|of|
19:51:36AnalizeText DEBUG - Parsing...
19:51:36AnalizeText DEBUG - Parse complete!
19:51:36MyProblem DEBUG - Processed word: |his|=>|his|
19:51:36AnalizeText DEBUG - Parsing...
19:51:36AnalizeText DEBUG - Parse complete!
19:51:36MyProblem DEBUG - Processed word: |thumb|=>|thumb|
19:51:36AnalizeText DEBUG - Parsing...
19:51:36AnalizeText DEBUG - Parse complete!
19:51:36MyProblem DEBUG - Processed word: |Thick|=>|Thick|
19:51:36AnalizeText DEBUG - Parsing...
19:51:36AnalizeText DEBUG - Parse complete!
19:51:36MyProblem DEBUG - Processed word: |thistle|=>|thisle|
19:51:36AnalizeText DEBUG - Parsing...
19:51:36AnalizeText DEBUG - Parse complete!
19:51:36MyProblem DEBUG - Processed word: |sticks|=>|sticks|
19:51:36AnalizeText DEBUG - Parsing...
19:51:36AnalizeText DEBUG - Parse complete!
19:51:36MyProblem DEBUG - Processed word: |Six|=>|Six|
19:51:36AnalizeText DEBUG - Parsing...
19:51:36AnalizeText DEBUG - Parse complete!
19:51:36MyProblem DEBUG - Processed word: |thick|=>|thick|
19:51:36AnalizeText DEBUG - Parsing...
19:51:36AnalizeText DEBUG - Parse complete!
19:51:36MyProblem DEBUG - Processed word: |thistles|=>|thiles|
19:51:36AnalizeText DEBUG - Parsing...
19:51:36AnalizeText DEBUG - Parse complete!
19:51:36MyProblem DEBUG - Processed word: |stuck|=>|stuck|
19:51:36AnalizeText DEBUG - Parsing...
19:51:36AnalizeText DEBUG - Parse complete!
19:51:36MyProblem DEBUG - Processed word: |together|=>|togeher|
19:51:36AnalizeText DEBUG - Parsing...
19:51:36AnalizeText DEBUG - Parse complete!
19:51:36MyProblem DEBUG - Processed word: |Маленький|=>|Маленький|
19:51:36AnalizeText DEBUG - Parsing...
19:51:36AnalizeText DEBUG - Parse complete!
19:51:36MyProblem DEBUG - Processed word: |цифровой|=>|цифровой|
19:51:36AnalizeText DEBUG - Parsing...
19:51:36AnalizeText DEBUG - Parse complete!
19:51:36MyProblem DEBUG - Processed word: |ревербератор|=>|ревебеатор|
19:51:36AnalizeText DEBUG - Parsing...
19:51:36AnalizeText DEBUG - Parse complete!
19:51:36MyProblem DEBUG - Processed word: |с|=>|с|
19:51:36AnalizeText DEBUG - Parsing...
19:51:36AnalizeText DEBUG - Parse complete!
19:51:36MyProblem DEBUG - Processed word: |регулятором|=>|регулятоом|
19:51:36AnalizeText DEBUG - Parsing...
19:51:36AnalizeText DEBUG - Parse complete!
19:51:36MyProblem DEBUG - Processed word: |уровня|=>|уровня|
19:51:36AnalizeText DEBUG - Parsing...
19:51:36AnalizeText DEBUG - Parse complete!
19:51:36MyProblem DEBUG - Processed word: |волюми|=>|волюми|
19:51:36AnalizeText DEBUG - Parsing...
19:51:36AnalizeText DEBUG - Parse complete!
19:51:36MyProblem DEBUG - Processed word: |Реверберировал|=>|Реверберировал|
19:51:36AnalizeText DEBUG - Parsing...
19:51:36AnalizeText DEBUG - Parse complete!
19:51:36MyProblem DEBUG - Processed word: |реверберировал|=>|ревебеиовал|
19:51:36AnalizeText DEBUG - Parsing...
19:51:36AnalizeText DEBUG - Parse complete!
19:51:36MyProblem DEBUG - Processed word: |да|=>|да|
19:51:36AnalizeText DEBUG - Parsing...
19:51:36AnalizeText DEBUG - Parse complete!
19:51:36MyProblem DEBUG - Processed word: |не|=>|не|
19:51:36AnalizeText DEBUG - Parsing...
19:51:36AnalizeText DEBUG - Parse complete!
19:51:36MyProblem DEBUG - Processed word: |выреверберировал|=>|выреерберироал|
19:51:36AnalizeText DEBUG - Parsing...
19:51:36AnalizeText DEBUG - Parse complete!
19:51:36MyProblem DEBUG - Processed word: |Собственные|=>|Собствнные|
19:51:36AnalizeText DEBUG - Parsing...
19:51:36AnalizeText DEBUG - Parse complete!
19:51:36MyProblem DEBUG - Processed word: |исключения|=>|исключеня|
19:51:36AnalizeText DEBUG - Parsing...
19:51:36AnalizeText DEBUG - Parse complete!
19:51:36MyProblem DEBUG - Processed word: |Разработчик|=>|Разработчик|
19:51:36AnalizeText DEBUG - Parsing...
19:51:36AnalizeText DEBUG - Parse complete!
19:51:36MyProblem DEBUG - Processed word: |может|=>|может|
19:51:36AnalizeText DEBUG - Parsing...
19:51:36AnalizeText DEBUG - Parse complete!
19:51:36MyProblem DEBUG - Processed word: |создать|=>|создать|
19:51:36AnalizeText DEBUG - Parsing...
19:51:36AnalizeText DEBUG - Parse complete!
19:51:36MyProblem DEBUG - Processed word: |собственное|=>|собтвнное|
19:51:36AnalizeText DEBUG - Parsing...
19:51:36AnalizeText DEBUG - Parse complete!
19:51:36MyProblem DEBUG - Processed word: |исключение|=>|исключне|
19:51:36AnalizeText DEBUG - Parsing...
19:51:36AnalizeText DEBUG - Parse complete!
19:51:36MyProblem DEBUG - Processed word: |как|=>|как|
19:51:36AnalizeText DEBUG - Parsing...
19:51:36AnalizeText DEBUG - Parse complete!
19:51:36MyProblem DEBUG - Processed word: |подкласс|=>|подклас|
19:51:36AnalizeText DEBUG - Parsing...
19:51:36AnalizeText DEBUG - Parse complete!
19:51:36MyProblem DEBUG - Processed word: |класса|=>|клсса|
19:51:36AnalizeText DEBUG - Parsing...
19:51:36AnalizeText DEBUG - Parse complete!
19:51:36MyProblem DEBUG - Processed word: |Exception|=>|Exception|
19:51:36AnalizeText DEBUG - Parsing...
19:51:36AnalizeText DEBUG - Parse complete!
19:51:36MyProblem DEBUG - Processed word: |и|=>|и|
19:51:36AnalizeText DEBUG - Parsing...
19:51:36AnalizeText DEBUG - Parse complete!
19:51:36MyProblem DEBUG - Processed word: |затем|=>|затем|
19:51:36AnalizeText DEBUG - Parsing...
19:51:36AnalizeText DEBUG - Parse complete!
19:51:36MyProblem DEBUG - Processed word: |использовать|=>|исползовать|
19:51:36AnalizeText DEBUG - Parsing...
19:51:36AnalizeText DEBUG - Parse complete!
19:51:36MyProblem DEBUG - Processed word: |его|=>|его|
19:51:36AnalizeText DEBUG - Parsing...
19:51:36AnalizeText DEBUG - Parse complete!
19:51:36MyProblem DEBUG - Processed word: |при|=>|при|
19:51:36AnalizeText DEBUG - Parsing...
19:51:36AnalizeText DEBUG - Parse complete!
19:51:36MyProblem DEBUG - Processed word: |обработке|=>|обрабтке|
19:51:36AnalizeText DEBUG - Parsing...
19:51:36AnalizeText DEBUG - Parse complete!
19:51:36MyProblem DEBUG - Processed word: |ситуаций|=>|ситуаций|
19:51:36AnalizeText DEBUG - Parsing...
19:51:36AnalizeText DEBUG - Parse complete!
19:51:36MyProblem DEBUG - Processed word: |не|=>|не|
19:51:36AnalizeText DEBUG - Parsing...
19:51:36AnalizeText DEBUG - Parse complete!
19:51:36MyProblem DEBUG - Processed word: |являющихся|=>|явлющихся|
19:51:36AnalizeText DEBUG - Parsing...
19:51:36AnalizeText DEBUG - Parse complete!
19:51:36MyProblem DEBUG - Processed word: |исключениями|=>|исключенями|
19:51:36AnalizeText DEBUG - Parsing...
19:51:36AnalizeText DEBUG - Parse complete!
19:51:36MyProblem DEBUG - Processed word: |с|=>|с|
19:51:36AnalizeText DEBUG - Parsing...
19:51:36AnalizeText DEBUG - Parse complete!
19:51:36MyProblem DEBUG - Processed word: |точки|=>|точки|
19:51:36AnalizeText DEBUG - Parsing...
19:51:36AnalizeText DEBUG - Parse complete!
19:51:36MyProblem DEBUG - Processed word: |зрения|=>|зрения|
19:51:36AnalizeText DEBUG - Parsing...
19:51:36AnalizeText DEBUG - Parse complete!
19:51:36MyProblem DEBUG - Processed word: |языка|=>|языка|
19:51:36AnalizeText DEBUG - Parsing...
19:51:36AnalizeText DEBUG - Parse complete!
19:51:36MyProblem DEBUG - Processed word: |но|=>|но|
19:51:36AnalizeText DEBUG - Parsing...
19:51:36AnalizeText DEBUG - Parse complete!
19:51:36MyProblem DEBUG - Processed word: |нарушающих|=>|нарушающих|
19:51:36AnalizeText DEBUG - Parsing...
19:51:36AnalizeText DEBUG - Parse complete!
19:51:36MyProblem DEBUG - Processed word: |логику|=>|логику|
19:51:36AnalizeText DEBUG - Parsing...
19:51:36AnalizeText DEBUG - Parse complete!
19:51:36MyProblem DEBUG - Processed word: |вещей|=>|вещей|
19:51:36AnalizeText DEBUG - Parsing...
19:51:36AnalizeText DEBUG - Parse complete!
19:51:36MyProblem DEBUG - Processed word: |Например|=>|Напимер|
19:51:36AnalizeText DEBUG - Parsing...
19:51:36AnalizeText DEBUG - Parse complete!
19:51:36MyProblem DEBUG - Processed word: |появление|=>|появлние|
19:51:36AnalizeText DEBUG - Parsing...
19:51:36AnalizeText DEBUG - Parse complete!
19:51:36MyProblem DEBUG - Processed word: |объектов|=>|объектв|
19:51:36AnalizeText DEBUG - Parsing...
19:51:36AnalizeText DEBUG - Parse complete!
19:51:36MyProblem DEBUG - Processed word: |типа|=>|типа|
19:51:36AnalizeText DEBUG - Parsing...
19:51:36AnalizeText DEBUG - Parse complete!
19:51:36MyProblem DEBUG - Processed word: |Human|=>|Human|
19:51:36AnalizeText DEBUG - Parsing...
19:51:36AnalizeText DEBUG - Parse complete!
19:51:36MyProblem DEBUG - Processed word: |Человек|=>|Человек|
19:51:36AnalizeText DEBUG - Parsing...
19:51:36AnalizeText DEBUG - Parse complete!
19:51:36MyProblem DEBUG - Processed word: |с|=>|с|
19:51:36AnalizeText DEBUG - Parsing...
19:51:36AnalizeText DEBUG - Parse complete!
19:51:36MyProblem DEBUG - Processed word: |отрицательным|=>|отрицательным|
19:51:36AnalizeText DEBUG - Parsing...
19:51:36AnalizeText DEBUG - Parse complete!
19:51:36MyProblem DEBUG - Processed word: |значением|=>|значением|
19:51:36AnalizeText DEBUG - Parsing...
19:51:36AnalizeText DEBUG - Parse complete!
19:51:36MyProblem DEBUG - Processed word: |поля|=>|поля|
19:51:36AnalizeText DEBUG - Parsing...
19:51:36AnalizeText DEBUG - Parse complete!
19:51:36MyProblem DEBUG - Processed word: |age|=>|age|
19:51:36AnalizeText DEBUG - Parsing...
19:51:36AnalizeText DEBUG - Parse complete!
19:51:36MyProblem DEBUG - Processed word: |возраст|=>|возраст|
19:51:36AnalizeText DEBUG - Parsing...
19:51:36AnalizeText DEBUG - Parse complete!
19:51:36MyProblem DEBUG - Processed word: |пример|=>|пимер|
19:51:36AnalizeText DEBUG - Parsing...
19:51:36AnalizeText DEBUG - Parse complete!
19:51:36MyProblem DEBUG - Processed word: |5|=>|5|
19:51:36AnalizeText DEBUG - Parsing...
19:51:36AnalizeText DEBUG - Parse complete!
19:51:36MyProblem DEBUG - Processed word: |метод|=>|метод|
19:51:36AnalizeText DEBUG - Parsing...
19:51:36AnalizeText DEBUG - Parse complete!
19:51:36MyProblem DEBUG - Processed word: |вызывающий|=>|вызыающий|
19:51:36AnalizeText DEBUG - Parsing...
19:51:36AnalizeText DEBUG - Parse complete!
19:51:36MyProblem DEBUG - Processed word: |исключение|=>|исключне|
19:51:36AnalizeText DEBUG - Parsing...
19:51:36AnalizeText DEBUG - Parse complete!
19:51:36MyProblem DEBUG - Processed word: |созданное|=>|созданное|
19:51:36AnalizeText DEBUG - Parsing...
19:51:36AnalizeText DEBUG - Parse complete!
19:51:36MyProblem DEBUG - Processed word: |программистом|=>|програистом|
19:51:36AnalizeText DEBUG - Parsing...
19:51:36AnalizeText DEBUG - Parse complete!
19:51:36MyProblem DEBUG - Processed word: |RunnerLogic|=>|RunnerLogic|
19:51:36AnalizeText DEBUG - Parsing...
19:51:36AnalizeText DEBUG - Parse complete!
19:51:36MyProblem DEBUG - Processed word: |java|=>|jva|
19:51:36AnalizeText DEBUG - Parsing...
19:51:36AnalizeText DEBUG - Parse complete!
19:51:36MyProblem DEBUG - Processed word: |package|=>|package|
19:51:36AnalizeText DEBUG - Parsing...
19:51:36AnalizeText DEBUG - Parse complete!
19:51:36MyProblem DEBUG - Processed word: |chapt08|=>|chapt08|
19:51:36AnalizeText DEBUG - Parsing...
19:51:36AnalizeText DEBUG - Parse complete!
19:51:36MyProblem DEBUG - Processed word: |public|=>|public|
19:51:36AnalizeText DEBUG - Parsing...
19:51:36AnalizeText DEBUG - Parse complete!
19:51:36MyProblem DEBUG - Processed word: |class|=>|clas|
19:51:36AnalizeText DEBUG - Parsing...
19:51:36AnalizeText DEBUG - Parse complete!
19:51:36MyProblem DEBUG - Processed word: |RunnerLogic|=>|RunnerLogic|
19:51:36AnalizeText DEBUG - Parsing...
19:51:36AnalizeText DEBUG - Parse complete!
19:51:36MyProblem DEBUG - Processed word: |public|=>|public|
19:51:36AnalizeText DEBUG - Parsing...
19:51:36AnalizeText DEBUG - Parse complete!
19:51:36MyProblem DEBUG - Processed word: |static|=>|static|
19:51:36AnalizeText DEBUG - Parsing...
19:51:36AnalizeText DEBUG - Parse complete!
19:51:36MyProblem DEBUG - Processed word: |double|=>|double|
19:51:36AnalizeText DEBUG - Parsing...
19:51:36AnalizeText DEBUG - Parse complete!
19:51:36MyProblem DEBUG - Processed word: |salary|=>|salary|
19:51:36AnalizeText DEBUG - Parsing...
19:51:36AnalizeText DEBUG - Parse complete!
19:51:36MyProblem DEBUG - Processed word: |int|=>|int|
19:51:36AnalizeText DEBUG - Parsing...
19:51:36AnalizeText DEBUG - Parse complete!
19:51:36MyProblem DEBUG - Processed word: |coeff|=>|coef|
19:51:36AnalizeText DEBUG - Parsing...
19:51:36AnalizeText DEBUG - Parse complete!
19:51:36MyProblem DEBUG - Processed word: |throws|=>|throws|
19:51:36AnalizeText DEBUG - Parsing...
19:51:36AnalizeText DEBUG - Parse complete!
19:51:36MyProblem DEBUG - Processed word: |SalaryException|=>|SalaryException|
19:51:36AnalizeText DEBUG - Parsing...
19:51:36AnalizeText DEBUG - Parse complete!
19:51:36MyProblem DEBUG - Processed word: |double|=>|double|
19:51:36AnalizeText DEBUG - Parsing...
19:51:36AnalizeText DEBUG - Parse complete!
19:51:36MyProblem DEBUG - Processed word: |d|=>|d|
19:51:36AnalizeText DEBUG - Parsing...
19:51:36AnalizeText DEBUG - Parse complete!
19:51:36MyProblem DEBUG - Processed word: |try|=>|try|
19:51:36AnalizeText DEBUG - Parsing...
19:51:36AnalizeText DEBUG - Parse complete!
19:51:36MyProblem DEBUG - Processed word: |if|=>|if|
19:51:36AnalizeText DEBUG - Parsing...
19:51:36AnalizeText DEBUG - Parse complete!
19:51:36MyProblem DEBUG - Processed word: |d|=>|d|
19:51:36AnalizeText DEBUG - Parsing...
19:51:36AnalizeText DEBUG - Parse complete!
19:51:36MyProblem DEBUG - Processed word: |1|=>|1|
19:51:36AnalizeText DEBUG - Parsing...
19:51:36AnalizeText DEBUG - Parse complete!
19:51:36MyProblem DEBUG - Processed word: |0|=>|0|
19:51:36AnalizeText DEBUG - Parsing...
19:51:36AnalizeText DEBUG - Parse complete!
19:51:36MyProblem DEBUG - Processed word: |1|=>|1|
19:51:36AnalizeText DEBUG - Parsing...
19:51:36AnalizeText DEBUG - Parse complete!
19:51:36MyProblem DEBUG - Processed word: |0|=>|0|
19:51:36AnalizeText DEBUG - Parsing...
19:51:36AnalizeText DEBUG - Parse complete!
19:51:36MyProblem DEBUG - Processed word: |0|=>|0|
19:51:36AnalizeText DEBUG - Parsing...
19:51:36AnalizeText DEBUG - Parse complete!
19:51:36MyProblem DEBUG - Processed word: |coeff|=>|coef|
19:51:36AnalizeText DEBUG - Parsing...
19:51:36AnalizeText DEBUG - Parse complete!
19:51:36MyProblem DEBUG - Processed word: ||=>||
19:51:36AnalizeText DEBUG - Parsing...
19:51:36AnalizeText DEBUG - Parse complete!
19:51:36MyProblem DEBUG - Processed word: |0|=>|0|
19:51:36AnalizeText DEBUG - Parsing...
19:51:36AnalizeText DEBUG - Parse complete!
19:51:36MyProblem DEBUG - Processed word: |throw|=>|throw|
19:51:36AnalizeText DEBUG - Parsing...
19:51:36AnalizeText DEBUG - Parse complete!
19:51:36MyProblem DEBUG - Processed word: |new|=>|new|
19:51:36AnalizeText DEBUG - Parsing...
19:51:36AnalizeText DEBUG - Parse complete!
19:51:36MyProblem DEBUG - Processed word: |SalaryException|=>|SalaryException|
19:51:36AnalizeText DEBUG - Parsing...
19:51:36AnalizeText DEBUG - Parse complete!
19:51:36MyProblem DEBUG - Processed word: |negative|=>|ngative|
19:51:36AnalizeText DEBUG - Parsing...
19:51:36AnalizeText DEBUG - Parse complete!
19:51:36MyProblem DEBUG - Processed word: |salary|=>|salary|
19:51:36AnalizeText DEBUG - Parsing...
19:51:36AnalizeText DEBUG - Parse complete!
19:51:36MyProblem DEBUG - Processed word: |else|=>|else|
19:51:36AnalizeText DEBUG - Parsing...
19:51:36AnalizeText DEBUG - Parse complete!
19:51:36MyProblem DEBUG - Processed word: |return|=>|retun|
19:51:36AnalizeText DEBUG - Parsing...
19:51:36AnalizeText DEBUG - Parse complete!
19:51:36MyProblem DEBUG - Processed word: |d|=>|d|
19:51:36AnalizeText DEBUG - Parsing...
19:51:36AnalizeText DEBUG - Parse complete!
19:51:36MyProblem DEBUG - Processed word: |catch|=>|cath|
19:51:36AnalizeText DEBUG - Parsing...
19:51:36AnalizeText DEBUG - Parse complete!
19:51:36MyProblem DEBUG - Processed word: |ArithmeticException|=>|ArithmeticException|
19:51:36AnalizeText DEBUG - Parsing...
19:51:36AnalizeText DEBUG - Parse complete!
19:51:36MyProblem DEBUG - Processed word: |e|=>|e|
19:51:36AnalizeText DEBUG - Parsing...
19:51:36AnalizeText DEBUG - Parse complete!
19:51:36MyProblem DEBUG - Processed word: |throw|=>|throw|
19:51:36AnalizeText DEBUG - Parsing...
19:51:36AnalizeText DEBUG - Parse complete!
19:51:36MyProblem DEBUG - Processed word: |new|=>|new|
19:51:36AnalizeText DEBUG - Parsing...
19:51:36AnalizeText DEBUG - Parse complete!
19:51:36MyProblem DEBUG - Processed word: |SalaryException|=>|SalaryException|
19:51:36AnalizeText DEBUG - Parsing...
19:51:36AnalizeText DEBUG - Parse complete!
19:51:36MyProblem DEBUG - Processed word: |div|=>|div|
19:51:36AnalizeText DEBUG - Parsing...
19:51:36AnalizeText DEBUG - Parse complete!
19:51:36MyProblem DEBUG - Processed word: |by|=>|by|
19:51:36AnalizeText DEBUG - Parsing...
19:51:36AnalizeText DEBUG - Parse complete!
19:51:36MyProblem DEBUG - Processed word: |zero|=>|zero|
19:51:36AnalizeText DEBUG - Parsing...
19:51:36AnalizeText DEBUG - Parse complete!
19:51:36MyProblem DEBUG - Processed word: |e|=>|e|
19:51:36AnalizeText DEBUG - Parsing...
19:51:36AnalizeText DEBUG - Parse complete!
19:51:36MyProblem DEBUG - Processed word: |public|=>|public|
19:51:36AnalizeText DEBUG - Parsing...
19:51:36AnalizeText DEBUG - Parse complete!
19:51:36MyProblem DEBUG - Processed word: |static|=>|static|
19:51:36AnalizeText DEBUG - Parsing...
19:51:36AnalizeText DEBUG - Parse complete!
19:51:36MyProblem DEBUG - Processed word: |void|=>|void|
19:51:36AnalizeText DEBUG - Parsing...
19:51:36AnalizeText DEBUG - Parse complete!
19:51:36MyProblem DEBUG - Processed word: |main|=>|main|
19:51:36AnalizeText DEBUG - Parsing...
19:51:36AnalizeText DEBUG - Parse complete!
19:51:36MyProblem DEBUG - Processed word: |String|=>|String|
19:51:36AnalizeText DEBUG - Parsing...
19:51:36AnalizeText DEBUG - Parse complete!
19:51:36MyProblem DEBUG - Processed word: |args|=>|args|
19:51:36AnalizeText DEBUG - Parsing...
19:51:36AnalizeText DEBUG - Parse complete!
19:51:36MyProblem DEBUG - Processed word: |try|=>|try|
19:51:36AnalizeText DEBUG - Parsing...
19:51:36AnalizeText DEBUG - Parse complete!
19:51:36MyProblem DEBUG - Processed word: |double|=>|double|
19:51:36AnalizeText DEBUG - Parsing...
19:51:36AnalizeText DEBUG - Parse complete!
19:51:36MyProblem DEBUG - Processed word: |res|=>|res|
19:51:36AnalizeText DEBUG - Parsing...
19:51:36AnalizeText DEBUG - Parse complete!
19:51:36MyProblem DEBUG - Processed word: |salary|=>|salary|
19:51:36AnalizeText DEBUG - Parsing...
19:51:36AnalizeText DEBUG - Parse complete!
19:51:36MyProblem DEBUG - Processed word: |3|=>|3|
19:51:36AnalizeText DEBUG - Parsing...
19:51:36AnalizeText DEBUG - Parse complete!
19:51:36MyProblem DEBUG - Processed word: |или|=>|или|
19:51:36AnalizeText DEBUG - Parsing...
19:51:36AnalizeText DEBUG - Parse complete!
19:51:36MyProblem DEBUG - Processed word: |0|=>|0|
19:51:36AnalizeText DEBUG - Parsing...
19:51:36AnalizeText DEBUG - Parse complete!
19:51:36MyProblem DEBUG - Processed word: |или|=>|или|
19:51:36AnalizeText DEBUG - Parsing...
19:51:36AnalizeText DEBUG - Parse complete!
19:51:36MyProblem DEBUG - Processed word: |7|=>|7|
19:51:36AnalizeText DEBUG - Parsing...
19:51:36AnalizeText DEBUG - Parse complete!
19:51:36MyProblem DEBUG - Processed word: |1|=>|1|
19:51:36AnalizeText DEBUG - Parsing...
19:51:36AnalizeText DEBUG - Parse complete!
19:51:36MyProblem DEBUG - Processed word: |catch|=>|cath|
19:51:36AnalizeText DEBUG - Parsing...
19:51:36AnalizeText DEBUG - Parse complete!
19:51:36MyProblem DEBUG - Processed word: |SalaryException|=>|SalaryException|
19:51:36AnalizeText DEBUG - Parsing...
19:51:36AnalizeText DEBUG - Parse complete!
19:51:36MyProblem DEBUG - Processed word: |e|=>|e|
19:51:36AnalizeText DEBUG - Parsing...
19:51:36AnalizeText DEBUG - Parse complete!
19:51:36MyProblem DEBUG - Processed word: |System|=>|System|
19:51:36AnalizeText DEBUG - Parsing...
19:51:36AnalizeText DEBUG - Parse complete!
19:51:36MyProblem DEBUG - Processed word: |err|=>|er|
19:51:36AnalizeText DEBUG - Parsing...
19:51:36AnalizeText DEBUG - Parse complete!
19:51:36MyProblem DEBUG - Processed word: |println|=>|pritln|
19:51:36AnalizeText DEBUG - Parsing...
19:51:36AnalizeText DEBUG - Parse complete!
19:51:36MyProblem DEBUG - Processed word: |e|=>|e|
19:51:36AnalizeText DEBUG - Parsing...
19:51:36AnalizeText DEBUG - Parse complete!
19:51:36MyProblem DEBUG - Processed word: |toString|=>|toSring|
19:51:36AnalizeText DEBUG - Parsing...
19:51:36AnalizeText DEBUG - Parse complete!
19:51:36MyProblem DEBUG - Processed word: |System|=>|System|
19:51:36AnalizeText DEBUG - Parsing...
19:51:36AnalizeText DEBUG - Parse complete!
19:51:36MyProblem DEBUG - Processed word: |err|=>|er|
19:51:36AnalizeText DEBUG - Parsing...
19:51:36AnalizeText DEBUG - Parse complete!
19:51:36MyProblem DEBUG - Processed word: |println|=>|pritln|
19:51:36AnalizeText DEBUG - Parsing...
19:51:36AnalizeText DEBUG - Parse complete!
19:51:36MyProblem DEBUG - Processed word: |e|=>|e|
19:51:36AnalizeText DEBUG - Parsing...
19:51:36AnalizeText DEBUG - Parse complete!
19:51:36MyProblem DEBUG - Processed word: |getHiddenException|=>|getHiddeException|
19:51:36AnalizeText DEBUG - Parsing...
19:51:36AnalizeText DEBUG - Parse complete!
19:51:36Runner INFO - Problem solved!
19:51:36Runner INFO - Collect text and write to file!
19:51:36AnalizeText DEBUG - Collecting...
19:51:36AnalizeText DEBUG - Collecting...
19:51:36AnalizeText DEBUG - Collecting...
19:51:36AnalizeText DEBUG - Collecting...
19:51:36AnalizeText DEBUG - Collect complete!
19:51:36AnalizeText DEBUG - Collecting...
19:51:36AnalizeText DEBUG - Collect complete!
19:51:36AnalizeText DEBUG - Collecting...
19:51:36AnalizeText DEBUG - Collect complete!
19:51:36AnalizeText DEBUG - Collecting...
19:51:36AnalizeText DEBUG - Collect complete!
19:51:36AnalizeText DEBUG - Collecting...
19:51:36AnalizeText DEBUG - Collect complete!
19:51:36AnalizeText DEBUG - Collecting...
19:51:36AnalizeText DEBUG - Collect complete!
19:51:36AnalizeText DEBUG - Collecting...
19:51:36AnalizeText DEBUG - Collect complete!
19:51:36AnalizeText DEBUG - Collecting...
19:51:36AnalizeText DEBUG - Collect complete!
19:51:36AnalizeText DEBUG - Collecting...
19:51:36AnalizeText DEBUG - Collect complete!
19:51:36AnalizeText DEBUG - Collecting...
19:51:36AnalizeText DEBUG - Collect complete!
19:51:36AnalizeText DEBUG - Collecting...
19:51:36AnalizeText DEBUG - Collect complete!
19:51:36AnalizeText DEBUG - Collecting...
19:51:36AnalizeText DEBUG - Collect complete!
19:51:36AnalizeText DEBUG - Collecting...
19:51:36AnalizeText DEBUG - Collect complete!
19:51:36AnalizeText DEBUG - Collecting...
19:51:36AnalizeText DEBUG - Collect complete!
19:51:36AnalizeText DEBUG - Collecting...
19:51:36AnalizeText DEBUG - Collect complete!
19:51:36AnalizeText DEBUG - Collecting...
19:51:36AnalizeText DEBUG - Collect complete!
19:51:36AnalizeText DEBUG - Collecting...
19:51:36AnalizeText DEBUG - Collect complete!
19:51:36AnalizeText DEBUG - Collecting...
19:51:36AnalizeText DEBUG - Collect complete!
19:51:36AnalizeText DEBUG - Collecting...
19:51:36AnalizeText DEBUG - Collect complete!
19:51:36AnalizeText DEBUG - Collecting...
19:51:36AnalizeText DEBUG - Collect complete!
19:51:36AnalizeText DEBUG - Collecting...
19:51:36AnalizeText DEBUG - Collect complete!
19:51:36AnalizeText DEBUG - Collecting...
19:51:36AnalizeText DEBUG - Collect complete!
19:51:36AnalizeText DEBUG - Collect complete!
19:51:36AnalizeText DEBUG - Collect complete!
19:51:36AnalizeText DEBUG - Collecting...
19:51:36AnalizeText DEBUG - Collecting...
19:51:36AnalizeText DEBUG - Collecting...
19:51:36AnalizeText DEBUG - Collect complete!
19:51:36AnalizeText DEBUG - Collecting...
19:51:36AnalizeText DEBUG - Collect complete!
19:51:36AnalizeText DEBUG - Collecting...
19:51:36AnalizeText DEBUG - Collect complete!
19:51:36AnalizeText DEBUG - Collecting...
19:51:36AnalizeText DEBUG - Collect complete!
19:51:36AnalizeText DEBUG - Collecting...
19:51:36AnalizeText DEBUG - Collect complete!
19:51:36AnalizeText DEBUG - Collecting...
19:51:36AnalizeText DEBUG - Collect complete!
19:51:36AnalizeText DEBUG - Collecting...
19:51:36AnalizeText DEBUG - Collect complete!
19:51:36AnalizeText DEBUG - Collecting...
19:51:36AnalizeText DEBUG - Collect complete!
19:51:36AnalizeText DEBUG - Collecting...
19:51:36AnalizeText DEBUG - Collect complete!
19:51:36AnalizeText DEBUG - Collecting...
19:51:36AnalizeText DEBUG - Collect complete!
19:51:36AnalizeText DEBUG - Collecting...
19:51:36AnalizeText DEBUG - Collect complete!
19:51:36AnalizeText DEBUG - Collecting...
19:51:36AnalizeText DEBUG - Collect complete!
19:51:36AnalizeText DEBUG - Collect complete!
19:51:36AnalizeText DEBUG - Collect complete!
19:51:36AnalizeText DEBUG - Collecting...
19:51:36AnalizeText DEBUG - Collecting...
19:51:36AnalizeText DEBUG - Collecting...
19:51:36AnalizeText DEBUG - Collect complete!
19:51:36AnalizeText DEBUG - Collecting...
19:51:36AnalizeText DEBUG - Collect complete!
19:51:36AnalizeText DEBUG - Collect complete!
19:51:36AnalizeText DEBUG - Collect complete!
19:51:36AnalizeText DEBUG - Collecting...
19:51:36AnalizeText DEBUG - Collecting...
19:51:36AnalizeText DEBUG - Collecting...
19:51:36AnalizeText DEBUG - Collect complete!
19:51:36AnalizeText DEBUG - Collecting...
19:51:36AnalizeText DEBUG - Collect complete!
19:51:36AnalizeText DEBUG - Collecting...
19:51:36AnalizeText DEBUG - Collect complete!
19:51:36AnalizeText DEBUG - Collecting...
19:51:36AnalizeText DEBUG - Collect complete!
19:51:36AnalizeText DEBUG - Collecting...
19:51:36AnalizeText DEBUG - Collect complete!
19:51:36AnalizeText DEBUG - Collecting...
19:51:36AnalizeText DEBUG - Collect complete!
19:51:36AnalizeText DEBUG - Collecting...
19:51:36AnalizeText DEBUG - Collect complete!
19:51:36AnalizeText DEBUG - Collecting...
19:51:36AnalizeText DEBUG - Collect complete!
19:51:36AnalizeText DEBUG - Collecting...
19:51:36AnalizeText DEBUG - Collect complete!
19:51:36AnalizeText DEBUG - Collecting...
19:51:36AnalizeText DEBUG - Collect complete!
19:51:36AnalizeText DEBUG - Collecting...
19:51:36AnalizeText DEBUG - Collect complete!
19:51:36AnalizeText DEBUG - Collecting...
19:51:36AnalizeText DEBUG - Collect complete!
19:51:36AnalizeText DEBUG - Collecting...
19:51:36AnalizeText DEBUG - Collect complete!
19:51:36AnalizeText DEBUG - Collecting...
19:51:36AnalizeText DEBUG - Collect complete!
19:51:36AnalizeText DEBUG - Collecting...
19:51:36AnalizeText DEBUG - Collect complete!
19:51:36AnalizeText DEBUG - Collecting...
19:51:36AnalizeText DEBUG - Collect complete!
19:51:36AnalizeText DEBUG - Collecting...
19:51:36AnalizeText DEBUG - Collect complete!
19:51:36AnalizeText DEBUG - Collecting...
19:51:36AnalizeText DEBUG - Collect complete!
19:51:36AnalizeText DEBUG - Collecting...
19:51:36AnalizeText DEBUG - Collect complete!
19:51:36AnalizeText DEBUG - Collecting...
19:51:36AnalizeText DEBUG - Collect complete!
19:51:36AnalizeText DEBUG - Collecting...
19:51:36AnalizeText DEBUG - Collect complete!
19:51:36AnalizeText DEBUG - Collecting...
19:51:36AnalizeText DEBUG - Collect complete!
19:51:36AnalizeText DEBUG - Collecting...
19:51:36AnalizeText DEBUG - Collect complete!
19:51:36AnalizeText DEBUG - Collecting...
19:51:36AnalizeText DEBUG - Collect complete!
19:51:36AnalizeText DEBUG - Collecting...
19:51:36AnalizeText DEBUG - Collect complete!
19:51:36AnalizeText DEBUG - Collecting...
19:51:36AnalizeText DEBUG - Collect complete!
19:51:36AnalizeText DEBUG - Collecting...
19:51:36AnalizeText DEBUG - Collect complete!
19:51:36AnalizeText DEBUG - Collecting...
19:51:36AnalizeText DEBUG - Collect complete!
19:51:36AnalizeText DEBUG - Collecting...
19:51:36AnalizeText DEBUG - Collect complete!
19:51:36AnalizeText DEBUG - Collecting...
19:51:36AnalizeText DEBUG - Collect complete!
19:51:36AnalizeText DEBUG - Collecting...
19:51:36AnalizeText DEBUG - Collect complete!
19:51:36AnalizeText DEBUG - Collecting...
19:51:36AnalizeText DEBUG - Collect complete!
19:51:36AnalizeText DEBUG - Collecting...
19:51:36AnalizeText DEBUG - Collect complete!
19:51:36AnalizeText DEBUG - Collecting...
19:51:36AnalizeText DEBUG - Collect complete!
19:51:36AnalizeText DEBUG - Collecting...
19:51:36AnalizeText DEBUG - Collect complete!
19:51:36AnalizeText DEBUG - Collecting...
19:51:36AnalizeText DEBUG - Collect complete!
19:51:36AnalizeText DEBUG - Collecting...
19:51:36AnalizeText DEBUG - Collect complete!
19:51:36AnalizeText DEBUG - Collecting...
19:51:36AnalizeText DEBUG - Collect complete!
19:51:36AnalizeText DEBUG - Collecting...
19:51:36AnalizeText DEBUG - Collect complete!
19:51:36AnalizeText DEBUG - Collecting...
19:51:36AnalizeText DEBUG - Collect complete!
19:51:36AnalizeText DEBUG - Collecting...
19:51:36AnalizeText DEBUG - Collect complete!
19:51:36AnalizeText DEBUG - Collecting...
19:51:36AnalizeText DEBUG - Collect complete!
19:51:36AnalizeText DEBUG - Collecting...
19:51:36AnalizeText DEBUG - Collect complete!
19:51:36AnalizeText DEBUG - Collecting...
19:51:36AnalizeText DEBUG - Collect complete!
19:51:36AnalizeText DEBUG - Collecting...
19:51:36AnalizeText DEBUG - Collect complete!
19:51:36AnalizeText DEBUG - Collecting...
19:51:36AnalizeText DEBUG - Collect complete!
19:51:36AnalizeText DEBUG - Collecting...
19:51:36AnalizeText DEBUG - Collect complete!
19:51:36AnalizeText DEBUG - Collecting...
19:51:36AnalizeText DEBUG - Collect complete!
19:51:36AnalizeText DEBUG - Collect complete!
19:51:36AnalizeText DEBUG - Collect complete!
19:51:36AnalizeText DEBUG - Collecting...
19:51:36AnalizeText DEBUG - Collecting...
19:51:36AnalizeText DEBUG - Collecting...
19:51:36AnalizeText DEBUG - Collect complete!
19:51:36AnalizeText DEBUG - Collecting...
19:51:36AnalizeText DEBUG - Collect complete!
19:51:36AnalizeText DEBUG - Collect complete!
19:51:36AnalizeText DEBUG - Collect complete!
19:51:36AnalizeText DEBUG - Collecting...
19:51:36AnalizeText DEBUG - Collecting...
19:51:36AnalizeText DEBUG - Collecting...
19:51:36AnalizeText DEBUG - Collect complete!
19:51:36AnalizeText DEBUG - Collecting...
19:51:36AnalizeText DEBUG - Collect complete!
19:51:36AnalizeText DEBUG - Collecting...
19:51:36AnalizeText DEBUG - Collect complete!
19:51:36AnalizeText DEBUG - Collecting...
19:51:36AnalizeText DEBUG - Collect complete!
19:51:36AnalizeText DEBUG - Collecting...
19:51:36AnalizeText DEBUG - Collect complete!
19:51:36AnalizeText DEBUG - Collecting...
19:51:36AnalizeText DEBUG - Collect complete!
19:51:36AnalizeText DEBUG - Collecting...
19:51:36AnalizeText DEBUG - Collect complete!
19:51:36AnalizeText DEBUG - Collecting...
19:51:36AnalizeText DEBUG - Collect complete!
19:51:36AnalizeText DEBUG - Collecting...
19:51:36AnalizeText DEBUG - Collect complete!
19:51:36AnalizeText DEBUG - Collecting...
19:51:36AnalizeText DEBUG - Collect complete!
19:51:36AnalizeText DEBUG - Collecting...
19:51:36AnalizeText DEBUG - Collect complete!
19:51:36AnalizeText DEBUG - Collecting...
19:51:36AnalizeText DEBUG - Collect complete!
19:51:36AnalizeText DEBUG - Collecting...
19:51:36AnalizeText DEBUG - Collect complete!
19:51:36AnalizeText DEBUG - Collecting...
19:51:36AnalizeText DEBUG - Collect complete!
19:51:36AnalizeText DEBUG - Collecting...
19:51:36AnalizeText DEBUG - Collect complete!
19:51:36AnalizeText DEBUG - Collecting...
19:51:36AnalizeText DEBUG - Collect complete!
19:51:36AnalizeText DEBUG - Collecting...
19:51:36AnalizeText DEBUG - Collect complete!
19:51:36AnalizeText DEBUG - Collecting...
19:51:36AnalizeText DEBUG - Collect complete!
19:51:36AnalizeText DEBUG - Collecting...
19:51:36AnalizeText DEBUG - Collect complete!
19:51:36AnalizeText DEBUG - Collecting...
19:51:36AnalizeText DEBUG - Collect complete!
19:51:36AnalizeText DEBUG - Collecting...
19:51:36AnalizeText DEBUG - Collect complete!
19:51:36AnalizeText DEBUG - Collecting...
19:51:36AnalizeText DEBUG - Collect complete!
19:51:36AnalizeText DEBUG - Collecting...
19:51:36AnalizeText DEBUG - Collect complete!
19:51:36AnalizeText DEBUG - Collecting...
19:51:36AnalizeText DEBUG - Collect complete!
19:51:36AnalizeText DEBUG - Collecting...
19:51:36AnalizeText DEBUG - Collect complete!
19:51:36AnalizeText DEBUG - Collecting...
19:51:36AnalizeText DEBUG - Collect complete!
19:51:36AnalizeText DEBUG - Collecting...
19:51:36AnalizeText DEBUG - Collect complete!
19:51:36AnalizeText DEBUG - Collecting...
19:51:36AnalizeText DEBUG - Collect complete!
19:51:36AnalizeText DEBUG - Collecting...
19:51:36AnalizeText DEBUG - Collect complete!
19:51:36AnalizeText DEBUG - Collect complete!
19:51:36AnalizeText DEBUG - Collect complete!
19:51:36AnalizeText DEBUG - Collecting...
19:51:36AnalizeText DEBUG - Collecting...
19:51:36AnalizeText DEBUG - Collecting...
19:51:36AnalizeText DEBUG - Collect complete!
19:51:36AnalizeText DEBUG - Collecting...
19:51:36AnalizeText DEBUG - Collect complete!
19:51:36AnalizeText DEBUG - Collecting...
19:51:36AnalizeText DEBUG - Collect complete!
19:51:36AnalizeText DEBUG - Collecting...
19:51:36AnalizeText DEBUG - Collect complete!
19:51:36AnalizeText DEBUG - Collecting...
19:51:36AnalizeText DEBUG - Collect complete!
19:51:36AnalizeText DEBUG - Collecting...
19:51:36AnalizeText DEBUG - Collect complete!
19:51:36AnalizeText DEBUG - Collecting...
19:51:36AnalizeText DEBUG - Collect complete!
19:51:36AnalizeText DEBUG - Collecting...
19:51:36AnalizeText DEBUG - Collect complete!
19:51:36AnalizeText DEBUG - Collecting...
19:51:36AnalizeText DEBUG - Collect complete!
19:51:36AnalizeText DEBUG - Collecting...
19:51:36AnalizeText DEBUG - Collect complete!
19:51:36AnalizeText DEBUG - Collecting...
19:51:36AnalizeText DEBUG - Collect complete!
19:51:36AnalizeText DEBUG - Collecting...
19:51:36AnalizeText DEBUG - Collect complete!
19:51:36AnalizeText DEBUG - Collecting...
19:51:36AnalizeText DEBUG - Collect complete!
19:51:36AnalizeText DEBUG - Collecting...
19:51:36AnalizeText DEBUG - Collect complete!
19:51:36AnalizeText DEBUG - Collecting...
19:51:36AnalizeText DEBUG - Collect complete!
19:51:36AnalizeText DEBUG - Collecting...
19:51:36AnalizeText DEBUG - Collect complete!
19:51:36AnalizeText DEBUG - Collecting...
19:51:36AnalizeText DEBUG - Collect complete!
19:51:36AnalizeText DEBUG - Collecting...
19:51:36AnalizeText DEBUG - Collect complete!
19:51:36AnalizeText DEBUG - Collecting...
19:51:36AnalizeText DEBUG - Collect complete!
19:51:36AnalizeText DEBUG - Collecting...
19:51:36AnalizeText DEBUG - Collect complete!
19:51:36AnalizeText DEBUG - Collecting...
19:51:36AnalizeText DEBUG - Collect complete!
19:51:36AnalizeText DEBUG - Collecting...
19:51:36AnalizeText DEBUG - Collect complete!
19:51:36AnalizeText DEBUG - Collecting...
19:51:36AnalizeText DEBUG - Collect complete!
19:51:36AnalizeText DEBUG - Collecting...
19:51:36AnalizeText DEBUG - Collect complete!
19:51:36AnalizeText DEBUG - Collecting...
19:51:36AnalizeText DEBUG - Collect complete!
19:51:36AnalizeText DEBUG - Collecting...
19:51:36AnalizeText DEBUG - Collect complete!
19:51:36AnalizeText DEBUG - Collecting...
19:51:36AnalizeText DEBUG - Collect complete!
19:51:36AnalizeText DEBUG - Collecting...
19:51:36AnalizeText DEBUG - Collect complete!
19:51:36AnalizeText DEBUG - Collecting...
19:51:36AnalizeText DEBUG - Collect complete!
19:51:36AnalizeText DEBUG - Collecting...
19:51:36AnalizeText DEBUG - Collect complete!
19:51:36AnalizeText DEBUG - Collecting...
19:51:36AnalizeText DEBUG - Collect complete!
19:51:36AnalizeText DEBUG - Collecting...
19:51:36AnalizeText DEBUG - Collect complete!
19:51:36AnalizeText DEBUG - Collecting...
19:51:36AnalizeText DEBUG - Collect complete!
19:51:36AnalizeText DEBUG - Collecting...
19:51:36AnalizeText DEBUG - Collect complete!
19:51:36AnalizeText DEBUG - Collecting...
19:51:36AnalizeText DEBUG - Collect complete!
19:51:36AnalizeText DEBUG - Collecting...
19:51:36AnalizeText DEBUG - Collect complete!
19:51:36AnalizeText DEBUG - Collecting...
19:51:36AnalizeText DEBUG - Collect complete!
19:51:36AnalizeText DEBUG - Collecting...
19:51:36AnalizeText DEBUG - Collect complete!
19:51:36AnalizeText DEBUG - Collecting...
19:51:36AnalizeText DEBUG - Collect complete!
19:51:36AnalizeText DEBUG - Collecting...
19:51:36AnalizeText DEBUG - Collect complete!
19:51:36AnalizeText DEBUG - Collecting...
19:51:36AnalizeText DEBUG - Collect complete!
19:51:36AnalizeText DEBUG - Collecting...
19:51:36AnalizeText DEBUG - Collect complete!
19:51:36AnalizeText DEBUG - Collect complete!
19:51:36AnalizeText DEBUG - Collect complete!
19:51:36AnalizeText DEBUG - Collect complete!
19:51:36IOFile ERROR - File not found!
19:51:36IOFile INFO - File has been created!
19:51:36IOFile INFO - Writing file...
19:51:36IOFile INFO - Write file complete!
19:51:36Runner INFO - Collect and write to new file original text after clone.
19:51:36AnalizeText DEBUG - Collecting...
19:51:36AnalizeText DEBUG - Collecting...
19:51:36AnalizeText DEBUG - Collecting...
19:51:36AnalizeText DEBUG - Collecting...
19:51:36AnalizeText DEBUG - Collect complete!
19:51:36AnalizeText DEBUG - Collecting...
19:51:36AnalizeText DEBUG - Collect complete!
19:51:36AnalizeText DEBUG - Collecting...
19:51:36AnalizeText DEBUG - Collect complete!
19:51:36AnalizeText DEBUG - Collecting...
19:51:36AnalizeText DEBUG - Collect complete!
19:51:36AnalizeText DEBUG - Collecting...
19:51:36AnalizeText DEBUG - Collect complete!
19:51:36AnalizeText DEBUG - Collecting...
19:51:36AnalizeText DEBUG - Collect complete!
19:51:36AnalizeText DEBUG - Collecting...
19:51:36AnalizeText DEBUG - Collect complete!
19:51:36AnalizeText DEBUG - Collecting...
19:51:36AnalizeText DEBUG - Collect complete!
19:51:36AnalizeText DEBUG - Collecting...
19:51:36AnalizeText DEBUG - Collect complete!
19:51:36AnalizeText DEBUG - Collecting...
19:51:36AnalizeText DEBUG - Collect complete!
19:51:36AnalizeText DEBUG - Collecting...
19:51:36AnalizeText DEBUG - Collect complete!
19:51:36AnalizeText DEBUG - Collecting...
19:51:36AnalizeText DEBUG - Collect complete!
19:51:36AnalizeText DEBUG - Collecting...
19:51:36AnalizeText DEBUG - Collect complete!
19:51:36AnalizeText DEBUG - Collecting...
19:51:36AnalizeText DEBUG - Collect complete!
19:51:36AnalizeText DEBUG - Collecting...
19:51:36AnalizeText DEBUG - Collect complete!
19:51:36AnalizeText DEBUG - Collecting...
19:51:36AnalizeText DEBUG - Collect complete!
19:51:36AnalizeText DEBUG - Collecting...
19:51:36AnalizeText DEBUG - Collect complete!
19:51:36AnalizeText DEBUG - Collecting...
19:51:36AnalizeText DEBUG - Collect complete!
19:51:36AnalizeText DEBUG - Collecting...
19:51:36AnalizeText DEBUG - Collect complete!
19:51:36AnalizeText DEBUG - Collecting...
19:51:36AnalizeText DEBUG - Collect complete!
19:51:36AnalizeText DEBUG - Collecting...
19:51:36AnalizeText DEBUG - Collect complete!
19:51:36AnalizeText DEBUG - Collecting...
19:51:36AnalizeText DEBUG - Collect complete!
19:51:36AnalizeText DEBUG - Collect complete!
19:51:36AnalizeText DEBUG - Collect complete!
19:51:36AnalizeText DEBUG - Collecting...
19:51:36AnalizeText DEBUG - Collecting...
19:51:36AnalizeText DEBUG - Collecting...
19:51:36AnalizeText DEBUG - Collect complete!
19:51:36AnalizeText DEBUG - Collecting...
19:51:36AnalizeText DEBUG - Collect complete!
19:51:36AnalizeText DEBUG - Collecting...
19:51:36AnalizeText DEBUG - Collect complete!
19:51:36AnalizeText DEBUG - Collecting...
19:51:36AnalizeText DEBUG - Collect complete!
19:51:36AnalizeText DEBUG - Collecting...
19:51:36AnalizeText DEBUG - Collect complete!
19:51:36AnalizeText DEBUG - Collecting...
19:51:36AnalizeText DEBUG - Collect complete!
19:51:36AnalizeText DEBUG - Collecting...
19:51:36AnalizeText DEBUG - Collect complete!
19:51:36AnalizeText DEBUG - Collecting...
19:51:36AnalizeText DEBUG - Collect complete!
19:51:36AnalizeText DEBUG - Collecting...
19:51:36AnalizeText DEBUG - Collect complete!
19:51:36AnalizeText DEBUG - Collecting...
19:51:36AnalizeText DEBUG - Collect complete!
19:51:36AnalizeText DEBUG - Collecting...
19:51:36AnalizeText DEBUG - Collect complete!
19:51:36AnalizeText DEBUG - Collecting...
19:51:36AnalizeText DEBUG - Collect complete!
19:51:36AnalizeText DEBUG - Collect complete!
19:51:36AnalizeText DEBUG - Collect complete!
19:51:36AnalizeText DEBUG - Collecting...
19:51:36AnalizeText DEBUG - Collecting...
19:51:36AnalizeText DEBUG - Collecting...
19:51:36AnalizeText DEBUG - Collect complete!
19:51:36AnalizeText DEBUG - Collecting...
19:51:36AnalizeText DEBUG - Collect complete!
19:51:36AnalizeText DEBUG - Collect complete!
19:51:36AnalizeText DEBUG - Collect complete!
19:51:36AnalizeText DEBUG - Collecting...
19:51:36AnalizeText DEBUG - Collecting...
19:51:36AnalizeText DEBUG - Collecting...
19:51:36AnalizeText DEBUG - Collect complete!
19:51:36AnalizeText DEBUG - Collecting...
19:51:36AnalizeText DEBUG - Collect complete!
19:51:36AnalizeText DEBUG - Collecting...
19:51:36AnalizeText DEBUG - Collect complete!
19:51:36AnalizeText DEBUG - Collecting...
19:51:36AnalizeText DEBUG - Collect complete!
19:51:36AnalizeText DEBUG - Collecting...
19:51:36AnalizeText DEBUG - Collect complete!
19:51:36AnalizeText DEBUG - Collecting...
19:51:36AnalizeText DEBUG - Collect complete!
19:51:36AnalizeText DEBUG - Collecting...
19:51:36AnalizeText DEBUG - Collect complete!
19:51:36AnalizeText DEBUG - Collecting...
19:51:36AnalizeText DEBUG - Collect complete!
19:51:36AnalizeText DEBUG - Collecting...
19:51:36AnalizeText DEBUG - Collect complete!
19:51:36AnalizeText DEBUG - Collecting...
19:51:36AnalizeText DEBUG - Collect complete!
19:51:36AnalizeText DEBUG - Collecting...
19:51:36AnalizeText DEBUG - Collect complete!
19:51:36AnalizeText DEBUG - Collecting...
19:51:36AnalizeText DEBUG - Collect complete!
19:51:36AnalizeText DEBUG - Collecting...
19:51:36AnalizeText DEBUG - Collect complete!
19:51:36AnalizeText DEBUG - Collecting...
19:51:36AnalizeText DEBUG - Collect complete!
19:51:36AnalizeText DEBUG - Collecting...
19:51:36AnalizeText DEBUG - Collect complete!
19:51:36AnalizeText DEBUG - Collecting...
19:51:36AnalizeText DEBUG - Collect complete!
19:51:36AnalizeText DEBUG - Collecting...
19:51:36AnalizeText DEBUG - Collect complete!
19:51:36AnalizeText DEBUG - Collecting...
19:51:36AnalizeText DEBUG - Collect complete!
19:51:36AnalizeText DEBUG - Collecting...
19:51:36AnalizeText DEBUG - Collect complete!
19:51:36AnalizeText DEBUG - Collecting...
19:51:36AnalizeText DEBUG - Collect complete!
19:51:36AnalizeText DEBUG - Collecting...
19:51:36AnalizeText DEBUG - Collect complete!
19:51:36AnalizeText DEBUG - Collecting...
19:51:36AnalizeText DEBUG - Collect complete!
19:51:36AnalizeText DEBUG - Collecting...
19:51:36AnalizeText DEBUG - Collect complete!
19:51:36AnalizeText DEBUG - Collecting...
19:51:36AnalizeText DEBUG - Collect complete!
19:51:36AnalizeText DEBUG - Collecting...
19:51:36AnalizeText DEBUG - Collect complete!
19:51:36AnalizeText DEBUG - Collecting...
19:51:36AnalizeText DEBUG - Collect complete!
19:51:36AnalizeText DEBUG - Collecting...
19:51:36AnalizeText DEBUG - Collect complete!
19:51:36AnalizeText DEBUG - Collecting...
19:51:36AnalizeText DEBUG - Collect complete!
19:51:36AnalizeText DEBUG - Collecting...
19:51:36AnalizeText DEBUG - Collect complete!
19:51:36AnalizeText DEBUG - Collecting...
19:51:36AnalizeText DEBUG - Collect complete!
19:51:36AnalizeText DEBUG - Collecting...
19:51:36AnalizeText DEBUG - Collect complete!
19:51:36AnalizeText DEBUG - Collecting...
19:51:36AnalizeText DEBUG - Collect complete!
19:51:36AnalizeText DEBUG - Collecting...
19:51:36AnalizeText DEBUG - Collect complete!
19:51:36AnalizeText DEBUG - Collecting...
19:51:36AnalizeText DEBUG - Collect complete!
19:51:36AnalizeText DEBUG - Collecting...
19:51:36AnalizeText DEBUG - Collect complete!
19:51:36AnalizeText DEBUG - Collecting...
19:51:36AnalizeText DEBUG - Collect complete!
19:51:36AnalizeText DEBUG - Collecting...
19:51:36AnalizeText DEBUG - Collect complete!
19:51:36AnalizeText DEBUG - Collecting...
19:51:36AnalizeText DEBUG - Collect complete!
19:51:36AnalizeText DEBUG - Collecting...
19:51:36AnalizeText DEBUG - Collect complete!
19:51:36AnalizeText DEBUG - Collecting...
19:51:36AnalizeText DEBUG - Collect complete!
19:51:36AnalizeText DEBUG - Collecting...
19:51:36AnalizeText DEBUG - Collect complete!
19:51:36AnalizeText DEBUG - Collecting...
19:51:36AnalizeText DEBUG - Collect complete!
19:51:36AnalizeText DEBUG - Collecting...
19:51:36AnalizeText DEBUG - Collect complete!
19:51:36AnalizeText DEBUG - Collecting...
19:51:36AnalizeText DEBUG - Collect complete!
19:51:36AnalizeText DEBUG - Collecting...
19:51:36AnalizeText DEBUG - Collect complete!
19:51:36AnalizeText DEBUG - Collecting...
19:51:36AnalizeText DEBUG - Collect complete!
19:51:36AnalizeText DEBUG - Collecting...
19:51:36AnalizeText DEBUG - Collect complete!
19:51:36AnalizeText DEBUG - Collecting...
19:51:36AnalizeText DEBUG - Collect complete!
19:51:36AnalizeText DEBUG - Collect complete!
19:51:36AnalizeText DEBUG - Collect complete!
19:51:36AnalizeText DEBUG - Collecting...
19:51:36AnalizeText DEBUG - Collecting...
19:51:36AnalizeText DEBUG - Collecting...
19:51:36AnalizeText DEBUG - Collect complete!
19:51:36AnalizeText DEBUG - Collecting...
19:51:36AnalizeText DEBUG - Collect complete!
19:51:36AnalizeText DEBUG - Collect complete!
19:51:36AnalizeText DEBUG - Collect complete!
19:51:36AnalizeText DEBUG - Collecting...
19:51:36AnalizeText DEBUG - Collecting...
19:51:36AnalizeText DEBUG - Collecting...
19:51:36AnalizeText DEBUG - Collect complete!
19:51:36AnalizeText DEBUG - Collecting...
19:51:36AnalizeText DEBUG - Collect complete!
19:51:36AnalizeText DEBUG - Collecting...
19:51:36AnalizeText DEBUG - Collect complete!
19:51:36AnalizeText DEBUG - Collecting...
19:51:36AnalizeText DEBUG - Collect complete!
19:51:36AnalizeText DEBUG - Collecting...
19:51:36AnalizeText DEBUG - Collect complete!
19:51:36AnalizeText DEBUG - Collecting...
19:51:36AnalizeText DEBUG - Collect complete!
19:51:36AnalizeText DEBUG - Collecting...
19:51:36AnalizeText DEBUG - Collect complete!
19:51:36AnalizeText DEBUG - Collecting...
19:51:36AnalizeText DEBUG - Collect complete!
19:51:36AnalizeText DEBUG - Collecting...
19:51:36AnalizeText DEBUG - Collect complete!
19:51:36AnalizeText DEBUG - Collecting...
19:51:36AnalizeText DEBUG - Collect complete!
19:51:36AnalizeText DEBUG - Collecting...
19:51:36AnalizeText DEBUG - Collect complete!
19:51:36AnalizeText DEBUG - Collecting...
19:51:36AnalizeText DEBUG - Collect complete!
19:51:36AnalizeText DEBUG - Collecting...
19:51:36AnalizeText DEBUG - Collect complete!
19:51:36AnalizeText DEBUG - Collecting...
19:51:36AnalizeText DEBUG - Collect complete!
19:51:36AnalizeText DEBUG - Collecting...
19:51:36AnalizeText DEBUG - Collect complete!
19:51:36AnalizeText DEBUG - Collecting...
19:51:36AnalizeText DEBUG - Collect complete!
19:51:36AnalizeText DEBUG - Collecting...
19:51:36AnalizeText DEBUG - Collect complete!
19:51:36AnalizeText DEBUG - Collecting...
19:51:36AnalizeText DEBUG - Collect complete!
19:51:36AnalizeText DEBUG - Collecting...
19:51:36AnalizeText DEBUG - Collect complete!
19:51:36AnalizeText DEBUG - Collecting...
19:51:36AnalizeText DEBUG - Collect complete!
19:51:36AnalizeText DEBUG - Collecting...
19:51:36AnalizeText DEBUG - Collect complete!
19:51:36AnalizeText DEBUG - Collecting...
19:51:36AnalizeText DEBUG - Collect complete!
19:51:36AnalizeText DEBUG - Collecting...
19:51:36AnalizeText DEBUG - Collect complete!
19:51:36AnalizeText DEBUG - Collecting...
19:51:36AnalizeText DEBUG - Collect complete!
19:51:36AnalizeText DEBUG - Collecting...
19:51:36AnalizeText DEBUG - Collect complete!
19:51:36AnalizeText DEBUG - Collecting...
19:51:36AnalizeText DEBUG - Collect complete!
19:51:36AnalizeText DEBUG - Collecting...
19:51:36AnalizeText DEBUG - Collect complete!
19:51:36AnalizeText DEBUG - Collecting...
19:51:36AnalizeText DEBUG - Collect complete!
19:51:36AnalizeText DEBUG - Collecting...
19:51:36AnalizeText DEBUG - Collect complete!
19:51:36AnalizeText DEBUG - Collect complete!
19:51:36AnalizeText DEBUG - Collect complete!
19:51:36AnalizeText DEBUG - Collecting...
19:51:36AnalizeText DEBUG - Collecting...
19:51:36AnalizeText DEBUG - Collecting...
19:51:36AnalizeText DEBUG - Collect complete!
19:51:36AnalizeText DEBUG - Collecting...
19:51:36AnalizeText DEBUG - Collect complete!
19:51:36AnalizeText DEBUG - Collecting...
19:51:36AnalizeText DEBUG - Collect complete!
19:51:36AnalizeText DEBUG - Collecting...
19:51:36AnalizeText DEBUG - Collect complete!
19:51:36AnalizeText DEBUG - Collecting...
19:51:36AnalizeText DEBUG - Collect complete!
19:51:36AnalizeText DEBUG - Collecting...
19:51:36AnalizeText DEBUG - Collect complete!
19:51:36AnalizeText DEBUG - Collecting...
19:51:36AnalizeText DEBUG - Collect complete!
19:51:36AnalizeText DEBUG - Collecting...
19:51:36AnalizeText DEBUG - Collect complete!
19:51:36AnalizeText DEBUG - Collecting...
19:51:36AnalizeText DEBUG - Collect complete!
19:51:36AnalizeText DEBUG - Collecting...
19:51:36AnalizeText DEBUG - Collect complete!
19:51:36AnalizeText DEBUG - Collecting...
19:51:36AnalizeText DEBUG - Collect complete!
19:51:36AnalizeText DEBUG - Collecting...
19:51:36AnalizeText DEBUG - Collect complete!
19:51:36AnalizeText DEBUG - Collecting...
19:51:36AnalizeText DEBUG - Collect complete!
19:51:36AnalizeText DEBUG - Collecting...
19:51:36AnalizeText DEBUG - Collect complete!
19:51:36AnalizeText DEBUG - Collecting...
19:51:36AnalizeText DEBUG - Collect complete!
19:51:36AnalizeText DEBUG - Collecting...
19:51:36AnalizeText DEBUG - Collect complete!
19:51:36AnalizeText DEBUG - Collecting...
19:51:36AnalizeText DEBUG - Collect complete!
19:51:36AnalizeText DEBUG - Collecting...
19:51:36AnalizeText DEBUG - Collect complete!
19:51:36AnalizeText DEBUG - Collecting...
19:51:36AnalizeText DEBUG - Collect complete!
19:51:36AnalizeText DEBUG - Collecting...
19:51:36AnalizeText DEBUG - Collect complete!
19:51:36AnalizeText DEBUG - Collecting...
19:51:36AnalizeText DEBUG - Collect complete!
19:51:36AnalizeText DEBUG - Collecting...
19:51:36AnalizeText DEBUG - Collect complete!
19:51:36AnalizeText DEBUG - Collecting...
19:51:36AnalizeText DEBUG - Collect complete!
19:51:36AnalizeText DEBUG - Collecting...
19:51:36AnalizeText DEBUG - Collect complete!
19:51:36AnalizeText DEBUG - Collecting...
19:51:36AnalizeText DEBUG - Collect complete!
19:51:36AnalizeText DEBUG - Collecting...
19:51:36AnalizeText DEBUG - Collect complete!
19:51:36AnalizeText DEBUG - Collecting...
19:51:36AnalizeText DEBUG - Collect complete!
19:51:36AnalizeText DEBUG - Collecting...
19:51:36AnalizeText DEBUG - Collect complete!
19:51:36AnalizeText DEBUG - Collecting...
19:51:36AnalizeText DEBUG - Collect complete!
19:51:36AnalizeText DEBUG - Collecting...
19:51:36AnalizeText DEBUG - Collect complete!
19:51:36AnalizeText DEBUG - Collecting...
19:51:36AnalizeText DEBUG - Collect complete!
19:51:36AnalizeText DEBUG - Collecting...
19:51:36AnalizeText DEBUG - Collect complete!
19:51:36AnalizeText DEBUG - Collecting...
19:51:36AnalizeText DEBUG - Collect complete!
19:51:36AnalizeText DEBUG - Collecting...
19:51:36AnalizeText DEBUG - Collect complete!
19:51:36AnalizeText DEBUG - Collecting...
19:51:36AnalizeText DEBUG - Collect complete!
19:51:36AnalizeText DEBUG - Collecting...
19:51:36AnalizeText DEBUG - Collect complete!
19:51:36AnalizeText DEBUG - Collecting...
19:51:36AnalizeText DEBUG - Collect complete!
19:51:36AnalizeText DEBUG - Collecting...
19:51:36AnalizeText DEBUG - Collect complete!
19:51:36AnalizeText DEBUG - Collecting...
19:51:36AnalizeText DEBUG - Collect complete!
19:51:36AnalizeText DEBUG - Collecting...
19:51:36AnalizeText DEBUG - Collect complete!
19:51:36AnalizeText DEBUG - Collecting...
19:51:36AnalizeText DEBUG - Collect complete!
19:51:36AnalizeText DEBUG - Collecting...
19:51:36AnalizeText DEBUG - Collect complete!
19:51:36AnalizeText DEBUG - Collect complete!
19:51:36AnalizeText DEBUG - Collect complete!
19:51:36AnalizeText DEBUG - Collect complete!
19:51:36IOFile ERROR - File not found!
19:51:36IOFile INFO - File has been created!
19:51:36IOFile INFO - Writing file...
19:51:36IOFile INFO - Write file complete!
19:51:36Runner INFO - Program exits!
